<?xml version="1.0" encoding="UTF-8"?>
<robot generator="Robot 7.4.1 (Python 3.10.5 on win32)" generated="2026-02-20T09:53:08.533226" rpa="false" schemaversion="5">
<suite id="s1" name="Login Validation" source="C:\Users\91799\PycharmProjects\WIPRO 2026\Capstone_Project\robot-framework\tests\login_validation.robot">
<kw name="Open Application" owner="common" type="SETUP">
<kw name="Open Browser" owner="SeleniumLibrary">
<msg time="2026-02-20T09:53:08.728140" level="INFO">Opening browser 'chrome' to base url 'https://practice.automationtesting.in/'.</msg>
<arg>${URL}</arg>
<arg>${browser}</arg>
<doc>Opens a new browser instance to the optional ``url``.</doc>
<status status="PASS" start="2026-02-20T09:53:08.728140" elapsed="3.578528"/>
</kw>
<kw name="Maximize Browser Window" owner="SeleniumLibrary">
<doc>Maximizes current browser window.</doc>
<status status="PASS" start="2026-02-20T09:53:12.307671" elapsed="0.045258"/>
</kw>
<kw name="Set Selenium Timeout" owner="SeleniumLibrary">
<arg>${TIMEOUT}</arg>
<doc>Sets the timeout that is used by various keywords.</doc>
<status status="PASS" start="2026-02-20T09:53:12.352929" elapsed="0.001996"/>
</kw>
<status status="PASS" start="2026-02-20T09:53:08.728140" elapsed="3.628311"/>
</kw>
<test id="s1-t1" name="Login With Correct Password" line="22">
<kw name="Go To Fresh Login Page" type="SETUP">
<kw name="Go To" owner="SeleniumLibrary">
<msg time="2026-02-20T09:53:12.359545" level="INFO">Opening url 'https://practice.automationtesting.in/my-account/'</msg>
<arg>https://practice.automationtesting.in/my-account/</arg>
<doc>Navigates the current browser window to the provided ``url``.</doc>
<status status="PASS" start="2026-02-20T09:53:12.358497" elapsed="1.085669"/>
</kw>
<kw name="Run Keyword And Ignore Error" owner="BuiltIn">
<kw name="Logout User" owner="login_keywords">
<kw name="Go To" owner="SeleniumLibrary">
<msg time="2026-02-20T09:53:13.447765" level="INFO">Opening url 'https://practice.automationtesting.in/my-account/'</msg>
<arg>https://practice.automationtesting.in/my-account/</arg>
<doc>Navigates the current browser window to the provided ``url``.</doc>
<status status="PASS" start="2026-02-20T09:53:13.446719" elapsed="0.938327"/>
</kw>
<kw name="Wait Until Page Contains Element" owner="SeleniumLibrary">
<arg>css=body</arg>
<doc>Waits until the element ``locator`` appears on the current page.</doc>
<status status="PASS" start="2026-02-20T09:53:14.385046" elapsed="0.026048"/>
</kw>
<kw name="Run Keyword And Ignore Error" owner="BuiltIn">
<kw name="Click Element" owner="SeleniumLibrary">
<msg time="2026-02-20T09:53:14.413102" level="INFO">Clicking element 'xpath=//a[text()='Logout']'.</msg>
<msg time="2026-02-20T09:53:14.631692" level="INFO" html="true">&lt;/td&gt;&lt;/tr&gt;&lt;tr&gt;&lt;td colspan="3"&gt;&lt;a href="selenium-screenshot-19.png"&gt;&lt;img src="selenium-screenshot-19.png" width="800px"&gt;&lt;/a&gt;</msg>
<msg time="2026-02-20T09:53:14.632690" level="FAIL">Element with locator 'xpath=//a[text()='Logout']' not found.</msg>
<arg>xpath=//a[text()='Logout']</arg>
<doc>Click the element identified by ``locator``.</doc>
<status status="FAIL" start="2026-02-20T09:53:14.412086" elapsed="0.232764">Element with locator 'xpath=//a[text()='Logout']' not found.</status>
</kw>
<arg>Click Element</arg>
<arg>xpath=//a[text()='Logout']</arg>
<doc>Runs the given keyword with the given arguments and ignores possible error.</doc>
<status status="PASS" start="2026-02-20T09:53:14.411094" elapsed="0.233756"/>
</kw>
<kw name="Wait Until Element Is Visible" owner="SeleniumLibrary">
<arg>id=username</arg>
<arg>15s</arg>
<doc>Waits until the element ``locator`` is visible.</doc>
<status status="PASS" start="2026-02-20T09:53:14.645815" elapsed="0.095599"/>
</kw>
<status status="PASS" start="2026-02-20T09:53:13.446719" elapsed="1.294695"/>
</kw>
<arg>Logout User</arg>
<doc>Runs the given keyword with the given arguments and ignores possible error.</doc>
<status status="PASS" start="2026-02-20T09:53:13.445165" elapsed="1.296249"/>
</kw>
<kw name="Go To" owner="SeleniumLibrary">
<msg time="2026-02-20T09:53:14.741414" level="INFO">Opening url 'https://practice.automationtesting.in/my-account/'</msg>
<arg>https://practice.automationtesting.in/my-account/</arg>
<doc>Navigates the current browser window to the provided ``url``.</doc>
<status status="PASS" start="2026-02-20T09:53:14.741414" elapsed="0.989086"/>
</kw>
<kw name="Wait Until Element Is Visible" owner="SeleniumLibrary">
<arg>id=username</arg>
<doc>Waits until the element ``locator`` is visible.</doc>
<status status="PASS" start="2026-02-20T09:53:15.730500" elapsed="0.035420"/>
</kw>
<status status="PASS" start="2026-02-20T09:53:12.358497" elapsed="3.407423"/>
</kw>
<kw name="Login User" owner="login_keywords">
<kw name="Input Text" owner="SeleniumLibrary">
<msg time="2026-02-20T09:53:15.769451" level="INFO">Typing text 'testuser1@test.com' into text field 'id=username'.</msg>
<arg>id=username</arg>
<arg>${EMAIL}</arg>
<doc>Types the given ``text`` into the text field identified by ``locator``.</doc>
<status status="PASS" start="2026-02-20T09:53:15.768455" elapsed="0.195237"/>
</kw>
<kw name="Input Text" owner="SeleniumLibrary">
<msg time="2026-02-20T09:53:15.964697" level="INFO">Typing text 'Omkar@2003' into text field 'id=password'.</msg>
<arg>id=password</arg>
<arg>${PASSWORD}</arg>
<doc>Types the given ``text`` into the text field identified by ``locator``.</doc>
<status status="PASS" start="2026-02-20T09:53:15.964697" elapsed="0.210005"/>
</kw>
<kw name="Click Button" owner="SeleniumLibrary">
<msg time="2026-02-20T09:53:16.174702" level="INFO">Clicking button 'name=login'.</msg>
<arg>name=login</arg>
<doc>Clicks the button identified by ``locator``.</doc>
<status status="PASS" start="2026-02-20T09:53:16.174702" elapsed="1.650321"/>
</kw>
<arg>${VALID_EMAIL}</arg>
<arg>${VALID_PASSWORD}</arg>
<status status="PASS" start="2026-02-20T09:53:15.767429" elapsed="2.057594"/>
</kw>
<kw name="Wait Until Page Contains Element" owner="SeleniumLibrary">
<arg>css=div.woocommerce-MyAccount-content</arg>
<doc>Waits until the element ``locator`` appears on the current page.</doc>
<status status="PASS" start="2026-02-20T09:53:17.826568" elapsed="0.013881"/>
</kw>
<kw name="Location Should Contain" owner="SeleniumLibrary">
<msg time="2026-02-20T09:53:17.850998" level="INFO">Current location contains 'my-account'.</msg>
<arg>my-account</arg>
<doc>Verifies that the current URL contains ``expected``.</doc>
<status status="PASS" start="2026-02-20T09:53:17.841454" elapsed="0.009544"/>
</kw>
<kw name="Page Should Contain" owner="SeleniumLibrary">
<msg time="2026-02-20T09:53:17.870980" level="INFO">Current page contains text 'Dashboard'.</msg>
<arg>Dashboard</arg>
<doc>Verifies that current page contains ``text``.</doc>
<status status="PASS" start="2026-02-20T09:53:17.851986" elapsed="0.018994"/>
</kw>
<kw name="Page Should Contain" owner="SeleniumLibrary">
<msg time="2026-02-20T09:53:17.885819" level="INFO">Current page contains text 'Logout'.</msg>
<arg>Logout</arg>
<doc>Verifies that current page contains ``text``.</doc>
<status status="PASS" start="2026-02-20T09:53:17.871994" elapsed="0.013825"/>
</kw>
<status status="PASS" start="2026-02-20T09:53:12.356451" elapsed="5.529368"/>
</test>
<test id="s1-t2" name="Login With Incorrect Password" line="32">
<kw name="Go To Fresh Login Page" type="SETUP">
<kw name="Go To" owner="SeleniumLibrary">
<msg time="2026-02-20T09:53:17.890354" level="INFO">Opening url 'https://practice.automationtesting.in/my-account/'</msg>
<arg>https://practice.automationtesting.in/my-account/</arg>
<doc>Navigates the current browser window to the provided ``url``.</doc>
<status status="PASS" start="2026-02-20T09:53:17.889341" elapsed="1.477383"/>
</kw>
<kw name="Run Keyword And Ignore Error" owner="BuiltIn">
<kw name="Logout User" owner="login_keywords">
<kw name="Go To" owner="SeleniumLibrary">
<msg time="2026-02-20T09:53:19.368884" level="INFO">Opening url 'https://practice.automationtesting.in/my-account/'</msg>
<arg>https://practice.automationtesting.in/my-account/</arg>
<doc>Navigates the current browser window to the provided ``url``.</doc>
<status status="PASS" start="2026-02-20T09:53:19.368884" elapsed="1.246112"/>
</kw>
<kw name="Wait Until Page Contains Element" owner="SeleniumLibrary">
<arg>css=body</arg>
<doc>Waits until the element ``locator`` appears on the current page.</doc>
<status status="PASS" start="2026-02-20T09:53:20.614996" elapsed="0.014340"/>
</kw>
<kw name="Run Keyword And Ignore Error" owner="BuiltIn">
<kw name="Click Element" owner="SeleniumLibrary">
<msg time="2026-02-20T09:53:20.631334" level="INFO">Clicking element 'xpath=//a[text()='Logout']'.</msg>
<arg>xpath=//a[text()='Logout']</arg>
<doc>Click the element identified by ``locator``.</doc>
<status status="PASS" start="2026-02-20T09:53:20.631334" elapsed="1.836968"/>
</kw>
<arg>Click Element</arg>
<arg>xpath=//a[text()='Logout']</arg>
<doc>Runs the given keyword with the given arguments and ignores possible error.</doc>
<status status="PASS" start="2026-02-20T09:53:20.630335" elapsed="1.837967"/>
</kw>
<kw name="Wait Until Element Is Visible" owner="SeleniumLibrary">
<arg>id=username</arg>
<arg>15s</arg>
<doc>Waits until the element ``locator`` is visible.</doc>
<status status="PASS" start="2026-02-20T09:53:22.468302" elapsed="0.023633"/>
</kw>
<status status="PASS" start="2026-02-20T09:53:19.367787" elapsed="3.124148"/>
</kw>
<arg>Logout User</arg>
<doc>Runs the given keyword with the given arguments and ignores possible error.</doc>
<status status="PASS" start="2026-02-20T09:53:19.366724" elapsed="3.125211"/>
</kw>
<kw name="Go To" owner="SeleniumLibrary">
<msg time="2026-02-20T09:53:22.492955" level="INFO">Opening url 'https://practice.automationtesting.in/my-account/'</msg>
<arg>https://practice.automationtesting.in/my-account/</arg>
<doc>Navigates the current browser window to the provided ``url``.</doc>
<status status="PASS" start="2026-02-20T09:53:22.491935" elapsed="1.452194"/>
</kw>
<kw name="Wait Until Element Is Visible" owner="SeleniumLibrary">
<arg>id=username</arg>
<doc>Waits until the element ``locator`` is visible.</doc>
<status status="PASS" start="2026-02-20T09:53:23.944129" elapsed="0.026467"/>
</kw>
<status status="PASS" start="2026-02-20T09:53:17.889341" elapsed="6.081255"/>
</kw>
<kw name="Login User" owner="login_keywords">
<kw name="Input Text" owner="SeleniumLibrary">
<msg time="2026-02-20T09:53:23.973639" level="INFO">Typing text 'testuser1@test.com' into text field 'id=username'.</msg>
<arg>id=username</arg>
<arg>${EMAIL}</arg>
<doc>Types the given ``text`` into the text field identified by ``locator``.</doc>
<status status="PASS" start="2026-02-20T09:53:23.972632" elapsed="0.262584"/>
</kw>
<kw name="Input Text" owner="SeleniumLibrary">
<msg time="2026-02-20T09:53:24.236569" level="INFO">Typing text 'Wrong123' into text field 'id=password'.</msg>
<arg>id=password</arg>
<arg>${PASSWORD}</arg>
<doc>Types the given ``text`` into the text field identified by ``locator``.</doc>
<status status="PASS" start="2026-02-20T09:53:24.235216" elapsed="0.138805"/>
</kw>
<kw name="Click Button" owner="SeleniumLibrary">
<msg time="2026-02-20T09:53:24.375014" level="INFO">Clicking button 'name=login'.</msg>
<arg>name=login</arg>
<doc>Clicks the button identified by ``locator``.</doc>
<status status="PASS" start="2026-02-20T09:53:24.375014" elapsed="0.103556"/>
</kw>
<arg>${VALID_EMAIL}</arg>
<arg>${INVALID_PASSWORD}</arg>
<status status="PASS" start="2026-02-20T09:53:23.971601" elapsed="0.506969"/>
</kw>
<kw name="Wait Until Page Contains Element" owner="SeleniumLibrary">
<arg>css=ul.woocommerce-error</arg>
<doc>Waits until the element ``locator`` appears on the current page.</doc>
<status status="PASS" start="2026-02-20T09:53:24.479508" elapsed="0.987809"/>
</kw>
<kw name="Location Should Contain" owner="SeleniumLibrary">
<msg time="2026-02-20T09:53:25.480178" level="INFO">Current location contains 'my-account'.</msg>
<arg>my-account</arg>
<doc>Verifies that the current URL contains ``expected``.</doc>
<status status="PASS" start="2026-02-20T09:53:25.468624" elapsed="0.012522"/>
</kw>
<kw name="Page Should Contain" owner="SeleniumLibrary">
<msg time="2026-02-20T09:53:25.550624" level="INFO">Current page contains text 'Error'.</msg>
<arg>Error</arg>
<doc>Verifies that current page contains ``text``.</doc>
<status status="PASS" start="2026-02-20T09:53:25.481146" elapsed="0.069478"/>
</kw>
<kw name="Page Should Contain Element" owner="SeleniumLibrary">
<msg time="2026-02-20T09:53:25.568530" level="INFO">Current page contains element 'css=ul.woocommerce-error'.</msg>
<arg>css=ul.woocommerce-error</arg>
<doc>Verifies that element ``locator`` is found on the current page.</doc>
<status status="PASS" start="2026-02-20T09:53:25.551620" elapsed="0.016910"/>
</kw>
<status status="PASS" start="2026-02-20T09:53:17.888346" elapsed="7.681230"/>
</test>
<test id="s1-t3" name="Login With Empty Password" line="42">
<kw name="Go To Fresh Login Page" type="SETUP">
<kw name="Go To" owner="SeleniumLibrary">
<msg time="2026-02-20T09:53:25.574549" level="INFO">Opening url 'https://practice.automationtesting.in/my-account/'</msg>
<arg>https://practice.automationtesting.in/my-account/</arg>
<doc>Navigates the current browser window to the provided ``url``.</doc>
<status status="PASS" start="2026-02-20T09:53:25.573554" elapsed="1.241076"/>
</kw>
<kw name="Run Keyword And Ignore Error" owner="BuiltIn">
<kw name="Logout User" owner="login_keywords">
<kw name="Go To" owner="SeleniumLibrary">
<msg time="2026-02-20T09:53:26.816629" level="INFO">Opening url 'https://practice.automationtesting.in/my-account/'</msg>
<arg>https://practice.automationtesting.in/my-account/</arg>
<doc>Navigates the current browser window to the provided ``url``.</doc>
<status status="PASS" start="2026-02-20T09:53:26.816629" elapsed="0.747622"/>
</kw>
<kw name="Wait Until Page Contains Element" owner="SeleniumLibrary">
<arg>css=body</arg>
<doc>Waits until the element ``locator`` appears on the current page.</doc>
<status status="PASS" start="2026-02-20T09:53:27.564251" elapsed="0.022058"/>
</kw>
<kw name="Run Keyword And Ignore Error" owner="BuiltIn">
<kw name="Click Element" owner="SeleniumLibrary">
<msg time="2026-02-20T09:53:27.588821" level="INFO">Clicking element 'xpath=//a[text()='Logout']'.</msg>
<msg time="2026-02-20T09:53:27.836613" level="INFO" html="true">&lt;/td&gt;&lt;/tr&gt;&lt;tr&gt;&lt;td colspan="3"&gt;&lt;a href="selenium-screenshot-20.png"&gt;&lt;img src="selenium-screenshot-20.png" width="800px"&gt;&lt;/a&gt;</msg>
<msg time="2026-02-20T09:53:27.837611" level="FAIL">Element with locator 'xpath=//a[text()='Logout']' not found.</msg>
<arg>xpath=//a[text()='Logout']</arg>
<doc>Click the element identified by ``locator``.</doc>
<status status="FAIL" start="2026-02-20T09:53:27.587815" elapsed="0.250921">Element with locator 'xpath=//a[text()='Logout']' not found.</status>
</kw>
<arg>Click Element</arg>
<arg>xpath=//a[text()='Logout']</arg>
<doc>Runs the given keyword with the given arguments and ignores possible error.</doc>
<status status="PASS" start="2026-02-20T09:53:27.587308" elapsed="0.251428"/>
</kw>
<kw name="Wait Until Element Is Visible" owner="SeleniumLibrary">
<arg>id=username</arg>
<arg>15s</arg>
<doc>Waits until the element ``locator`` is visible.</doc>
<status status="PASS" start="2026-02-20T09:53:27.839774" elapsed="0.034765"/>
</kw>
<status status="PASS" start="2026-02-20T09:53:26.815629" elapsed="1.058910"/>
</kw>
<arg>Logout User</arg>
<doc>Runs the given keyword with the given arguments and ignores possible error.</doc>
<status status="PASS" start="2026-02-20T09:53:26.814630" elapsed="1.059909"/>
</kw>
<kw name="Go To" owner="SeleniumLibrary">
<msg time="2026-02-20T09:53:27.875528" level="INFO">Opening url 'https://practice.automationtesting.in/my-account/'</msg>
<arg>https://practice.automationtesting.in/my-account/</arg>
<doc>Navigates the current browser window to the provided ``url``.</doc>
<status status="PASS" start="2026-02-20T09:53:27.875528" elapsed="1.212266"/>
</kw>
<kw name="Wait Until Element Is Visible" owner="SeleniumLibrary">
<arg>id=username</arg>
<doc>Waits until the element ``locator`` is visible.</doc>
<status status="PASS" start="2026-02-20T09:53:29.088379" elapsed="0.026239"/>
</kw>
<status status="PASS" start="2026-02-20T09:53:25.572559" elapsed="3.542059"/>
</kw>
<kw name="Login User" owner="login_keywords">
<kw name="Input Text" owner="SeleniumLibrary">
<msg time="2026-02-20T09:53:29.118682" level="INFO">Typing text 'testuser1@test.com' into text field 'id=username'.</msg>
<arg>id=username</arg>
<arg>${EMAIL}</arg>
<doc>Types the given ``text`` into the text field identified by ``locator``.</doc>
<status status="PASS" start="2026-02-20T09:53:29.117630" elapsed="0.262577"/>
</kw>
<kw name="Input Text" owner="SeleniumLibrary">
<msg time="2026-02-20T09:53:29.381208" level="INFO">Typing text '' into text field 'id=password'.</msg>
<arg>id=password</arg>
<arg>${PASSWORD}</arg>
<doc>Types the given ``text`` into the text field identified by ``locator``.</doc>
<status status="PASS" start="2026-02-20T09:53:29.381208" elapsed="0.121714"/>
</kw>
<kw name="Click Button" owner="SeleniumLibrary">
<msg time="2026-02-20T09:53:29.503929" level="INFO">Clicking button 'name=login'.</msg>
<arg>name=login</arg>
<doc>Clicks the button identified by ``locator``.</doc>
<status status="PASS" start="2026-02-20T09:53:29.503929" elapsed="1.359239"/>
</kw>
<arg>${VALID_EMAIL}</arg>
<arg>${EMPTY}</arg>
<status status="PASS" start="2026-02-20T09:53:29.115618" elapsed="1.748553"/>
</kw>
<kw name="Wait Until Page Contains Element" owner="SeleniumLibrary">
<arg>css=ul.woocommerce-error</arg>
<doc>Waits until the element ``locator`` appears on the current page.</doc>
<status status="PASS" start="2026-02-20T09:53:30.865173" elapsed="0.015459"/>
</kw>
<kw name="Location Should Contain" owner="SeleniumLibrary">
<msg time="2026-02-20T09:53:30.894598" level="INFO">Current location contains 'my-account'.</msg>
<arg>my-account</arg>
<doc>Verifies that the current URL contains ``expected``.</doc>
<status status="PASS" start="2026-02-20T09:53:30.881554" elapsed="0.013044"/>
</kw>
<kw name="Page Should Contain" owner="SeleniumLibrary">
<msg time="2026-02-20T09:53:30.919197" level="INFO">Current page contains text 'Error'.</msg>
<arg>Error</arg>
<doc>Verifies that current page contains ``text``.</doc>
<status status="PASS" start="2026-02-20T09:53:30.895626" elapsed="0.023571"/>
</kw>
<kw name="Page Should Contain Element" owner="SeleniumLibrary">
<msg time="2026-02-20T09:53:30.935417" level="INFO">Current page contains element 'css=ul.woocommerce-error'.</msg>
<arg>css=ul.woocommerce-error</arg>
<doc>Verifies that element ``locator`` is found on the current page.</doc>
<status status="PASS" start="2026-02-20T09:53:30.920229" elapsed="0.015188"/>
</kw>
<status status="PASS" start="2026-02-20T09:53:25.571558" elapsed="5.364860"/>
</test>
<kw name="Close Application" owner="common" type="TEARDOWN">
<kw name="Close All Browsers" owner="SeleniumLibrary">
<doc>Closes all open browsers and resets the browser cache.</doc>
<status status="PASS" start="2026-02-20T09:53:30.943125" elapsed="2.242162"/>
</kw>
<status status="PASS" start="2026-02-20T09:53:30.942168" elapsed="2.243119"/>
</kw>
<status status="PASS" start="2026-02-20T09:53:08.534201" elapsed="24.651086"/>
</suite>
<statistics>
<total>
<stat pass="3" fail="0" skip="0">All Tests</stat>
</total>
<tag>
</tag>
<suite>
<stat name="Login Validation" id="s1" pass="3" fail="0" skip="0">Login Validation</stat>
</suite>
</statistics>
<errors>
</errors>
</robot>
