<?xml version="1.0" encoding="UTF-8"?>
<robot generator="Robot 7.4.1 (Python 3.10.5 on win32)" generated="2026-02-20T12:33:22.966931" rpa="false" schemaversion="5">
<suite id="s1" name="End To End" source="C:\Users\91799\PycharmProjects\WIPRO 2026\CapstoneProject\robot-framework\tests\end_to_end.robot">
<test id="s1-t1" name="User1" line="19">
<kw name="Start User Session" type="SETUP">
<kw name="Open Application" owner="common">
<kw name="Open Browser" owner="SeleniumLibrary">
<msg time="2026-02-20T12:33:23.224335" level="INFO">Opening browser 'chrome' to base url 'https://practice.automationtesting.in/'.</msg>
<arg>${URL}</arg>
<arg>${browser}</arg>
<doc>Opens a new browser instance to the optional ``url``.</doc>
<status status="PASS" start="2026-02-20T12:33:23.224335" elapsed="5.253293"/>
</kw>
<kw name="Maximize Browser Window" owner="SeleniumLibrary">
<doc>Maximizes current browser window.</doc>
<status status="PASS" start="2026-02-20T12:33:28.477628" elapsed="0.049217"/>
</kw>
<kw name="Set Selenium Timeout" owner="SeleniumLibrary">
<arg>${TIMEOUT}</arg>
<doc>Sets the timeout that is used by various keywords.</doc>
<status status="PASS" start="2026-02-20T12:33:28.527844" elapsed="0.005407"/>
</kw>
<arg>${BROWSER}</arg>
<status status="PASS" start="2026-02-20T12:33:23.223370" elapsed="5.310909"/>
</kw>
<status status="PASS" start="2026-02-20T12:33:23.222389" elapsed="5.312887"/>
</kw>
<kw name="Ecommerce Flow">
<kw name="Login Validation">
<kw name="Go To" owner="SeleniumLibrary">
<msg time="2026-02-20T12:33:28.540849" level="INFO">Opening url 'https://practice.automationtesting.in/my-account/'</msg>
<arg>${BASE_URL}/my-account/</arg>
<doc>Navigates the current browser window to the provided ``url``.</doc>
<status status="PASS" start="2026-02-20T12:33:28.539837" elapsed="2.338849"/>
</kw>
<kw name="Login User" owner="login_keywords">
<kw name="Input Text" owner="SeleniumLibrary">
<msg time="2026-02-20T12:33:30.879685" level="INFO">Typing text 'testuser1@test.com' into text field 'id=username'.</msg>
<arg>id=username</arg>
<arg>${EMAIL}</arg>
<doc>Types the given ``text`` into the text field identified by ``locator``.</doc>
<status status="PASS" start="2026-02-20T12:33:30.879685" elapsed="0.202099"/>
</kw>
<kw name="Input Text" owner="SeleniumLibrary">
<msg time="2026-02-20T12:33:31.082783" level="INFO">Typing text 'Omkar@2003' into text field 'id=password'.</msg>
<arg>id=password</arg>
<arg>${PASSWORD}</arg>
<doc>Types the given ``text`` into the text field identified by ``locator``.</doc>
<status status="PASS" start="2026-02-20T12:33:31.081784" elapsed="0.114654"/>
</kw>
<kw name="Click Button" owner="SeleniumLibrary">
<msg time="2026-02-20T12:33:31.197437" level="INFO">Clicking button 'name=login'.</msg>
<arg>name=login</arg>
<doc>Clicks the button identified by ``locator``.</doc>
<status status="PASS" start="2026-02-20T12:33:31.197437" elapsed="2.894257"/>
</kw>
<arg>${EMAIL}</arg>
<arg>${PASSWORD}</arg>
<status status="PASS" start="2026-02-20T12:33:30.879685" elapsed="3.212009"/>
</kw>
<kw name="Run Keyword And Return Status" owner="BuiltIn">
<kw name="Page Should Contain" owner="SeleniumLibrary">
<msg time="2026-02-20T12:33:34.110731" level="INFO">Current page contains text 'Dashboard'.</msg>
<arg>Dashboard</arg>
<doc>Verifies that current page contains ``text``.</doc>
<status status="PASS" start="2026-02-20T12:33:34.092702" elapsed="0.019040"/>
</kw>
<msg time="2026-02-20T12:33:34.111742" level="INFO">${login_success} = True</msg>
<var>${login_success}</var>
<arg>Page Should Contain</arg>
<arg>Dashboard</arg>
<doc>Runs the specified keyword and returns the status as a Boolean value.</doc>
<status status="PASS" start="2026-02-20T12:33:34.091694" elapsed="0.020048"/>
</kw>
<kw name="Run Keyword If" owner="BuiltIn">
<arg>not ${login_success}</arg>
<arg>Fail</arg>
<arg>❌ Unregistered or Invalid Login for user: ${EMAIL}</arg>
<doc>Runs the given keyword with the given arguments, if ``condition`` is true.</doc>
<status status="PASS" start="2026-02-20T12:33:34.111742" elapsed="0.001000"/>
</kw>
<arg>${EMAIL}</arg>
<arg>${PASSWORD}</arg>
<status status="PASS" start="2026-02-20T12:33:28.538279" elapsed="5.574463"/>
</kw>
<kw name="Search Validation">
<kw name="Go To" owner="SeleniumLibrary">
<msg time="2026-02-20T12:33:34.114752" level="INFO">Opening url 'https://practice.automationtesting.in/shop/'</msg>
<arg>${BASE_URL}/shop/</arg>
<doc>Navigates the current browser window to the provided ``url``.</doc>
<status status="PASS" start="2026-02-20T12:33:34.113754" elapsed="2.452950"/>
</kw>
<kw name="Wait Until Element Is Visible" owner="SeleniumLibrary">
<arg>id=s</arg>
<doc>Waits until the element ``locator`` is visible.</doc>
<status status="PASS" start="2026-02-20T12:33:36.567694" elapsed="0.029122"/>
</kw>
<kw name="Input Text" owner="SeleniumLibrary">
<msg time="2026-02-20T12:33:36.596816" level="INFO">Typing text 'HTML' into text field 'id=s'.</msg>
<arg>id=s</arg>
<arg>HTML</arg>
<doc>Types the given ``text`` into the text field identified by ``locator``.</doc>
<status status="PASS" start="2026-02-20T12:33:36.596816" elapsed="0.129189"/>
</kw>
<kw name="Press Keys" owner="SeleniumLibrary">
<msg time="2026-02-20T12:33:36.727996" level="INFO">Sending key(s) ('ENTER',) to id=s element.</msg>
<msg time="2026-02-20T12:33:37.034236" level="INFO">Pressing special key ENTER to element.</msg>
<msg time="2026-02-20T12:33:37.034236" level="INFO">Releasing special key ENTER.</msg>
<arg>id=s</arg>
<arg>ENTER</arg>
<doc>Simulates the user pressing key(s) to an element or on the active browser.</doc>
<status status="PASS" start="2026-02-20T12:33:36.726998" elapsed="0.312769"/>
</kw>
<kw name="Wait Until Element Is Visible" owner="SeleniumLibrary">
<arg>css=ul.products</arg>
<doc>Waits until the element ``locator`` is visible.</doc>
<status status="PASS" start="2026-02-20T12:33:37.039767" elapsed="0.021857"/>
</kw>
<kw name="Get Element Count" owner="SeleniumLibrary">
<msg time="2026-02-20T12:33:37.078723" level="INFO">${count} = 8</msg>
<var>${count}</var>
<arg>css=ul.products li</arg>
<doc>Returns the number of elements matching ``locator``.</doc>
<status status="PASS" start="2026-02-20T12:33:37.062627" elapsed="0.016096"/>
</kw>
<kw name="Should Be True" owner="BuiltIn">
<arg>${count} &gt; 0</arg>
<doc>Fails if the given condition is not true.</doc>
<status status="PASS" start="2026-02-20T12:33:37.079723" elapsed="0.000996"/>
</kw>
<status status="PASS" start="2026-02-20T12:33:34.113754" elapsed="2.967534"/>
</kw>
<kw name="Sorting Validation">
<kw name="Select From List By Value" owner="SeleniumLibrary">
<msg time="2026-02-20T12:33:37.082334" level="INFO">Selecting options from selection list 'css=select.orderby' by value price.</msg>
<arg>css=select.orderby</arg>
<arg>price</arg>
<doc>Selects options from selection list ``locator`` by ``values``.</doc>
<status status="PASS" start="2026-02-20T12:33:37.082334" elapsed="2.728155"/>
</kw>
<kw name="Wait Until Keyword Succeeds" owner="BuiltIn">
<kw name="Element Should Be Visible" owner="SeleniumLibrary">
<msg time="2026-02-20T12:33:39.831589" level="INFO">Element 'css=ul.products' is displayed.</msg>
<arg>css=ul.products</arg>
<doc>Verifies that the element identified by ``locator`` is visible.</doc>
<status status="PASS" start="2026-02-20T12:33:39.811575" elapsed="0.020014"/>
</kw>
<arg>3x</arg>
<arg>3s</arg>
<arg>Element Should Be Visible</arg>
<arg>css=ul.products</arg>
<doc>Runs the specified keyword and retries if it fails.</doc>
<status status="PASS" start="2026-02-20T12:33:39.810489" elapsed="0.021100"/>
</kw>
<kw name="Execute Javascript" owner="SeleniumLibrary">
<msg time="2026-02-20T12:33:39.832596" level="INFO">Executing JavaScript:
document.querySelector('#min_price').value='150';
Without any arguments.</msg>
<arg>document.querySelector('#min_price').value='150';</arg>
<doc>Executes the given JavaScript code with possible arguments.</doc>
<status status="PASS" start="2026-02-20T12:33:39.832596" elapsed="0.007992"/>
</kw>
<kw name="Execute Javascript" owner="SeleniumLibrary">
<msg time="2026-02-20T12:33:39.841101" level="INFO">Executing JavaScript:
document.querySelector('#max_price').value='300';
Without any arguments.</msg>
<arg>document.querySelector('#max_price').value='300';</arg>
<doc>Executes the given JavaScript code with possible arguments.</doc>
<status status="PASS" start="2026-02-20T12:33:39.840588" elapsed="0.007573"/>
</kw>
<kw name="Execute Javascript" owner="SeleniumLibrary">
<msg time="2026-02-20T12:33:39.848161" level="INFO">Executing JavaScript:
jQuery('body').trigger('price_slider_change');
Without any arguments.</msg>
<arg>jQuery('body').trigger('price_slider_change');</arg>
<doc>Executes the given JavaScript code with possible arguments.</doc>
<status status="PASS" start="2026-02-20T12:33:39.848161" elapsed="0.007611"/>
</kw>
<kw name="Click Button" owner="SeleniumLibrary">
<msg time="2026-02-20T12:33:39.856771" level="INFO">Clicking button 'css=.price_slider_amount button'.</msg>
<arg>css=.price_slider_amount button</arg>
<doc>Clicks the button identified by ``locator``.</doc>
<status status="PASS" start="2026-02-20T12:33:39.855772" elapsed="1.712153"/>
</kw>
<kw name="Wait Until Element Is Visible" owner="SeleniumLibrary">
<arg>css=.price_label</arg>
<doc>Waits until the element ``locator`` is visible.</doc>
<status status="PASS" start="2026-02-20T12:33:41.568933" elapsed="0.024138"/>
</kw>
<status status="PASS" start="2026-02-20T12:33:37.081288" elapsed="4.512769"/>
</kw>
<kw name="Cart Validation">
<kw name="Go To" owner="SeleniumLibrary">
<msg time="2026-02-20T12:33:41.596055" level="INFO">Opening url 'https://practice.automationtesting.in/shop/?add-to-cart=169'</msg>
<arg>${PRODUCT1}</arg>
<doc>Navigates the current browser window to the provided ``url``.</doc>
<status status="PASS" start="2026-02-20T12:33:41.595056" elapsed="2.882212"/>
</kw>
<kw name="Go To" owner="SeleniumLibrary">
<msg time="2026-02-20T12:33:44.478270" level="INFO">Opening url 'https://practice.automationtesting.in/shop/?add-to-cart=181'</msg>
<arg>${PRODUCT2}</arg>
<doc>Navigates the current browser window to the provided ``url``.</doc>
<status status="PASS" start="2026-02-20T12:33:44.478270" elapsed="2.551309"/>
</kw>
<kw name="Go To" owner="SeleniumLibrary">
<msg time="2026-02-20T12:33:47.031097" level="INFO">Opening url 'https://practice.automationtesting.in/basket/'</msg>
<arg>${BASE_URL}/basket/</arg>
<doc>Navigates the current browser window to the provided ``url``.</doc>
<status status="PASS" start="2026-02-20T12:33:47.030583" elapsed="2.337426"/>
</kw>
<kw name="Wait Until Element Is Visible" owner="SeleniumLibrary">
<arg>css=table.shop_table</arg>
<doc>Waits until the element ``locator`` is visible.</doc>
<status status="PASS" start="2026-02-20T12:33:49.368009" elapsed="0.024026"/>
</kw>
<status status="PASS" start="2026-02-20T12:33:41.594057" elapsed="7.797978"/>
</kw>
<kw name="Billing Validation">
<kw name="Go To" owner="SeleniumLibrary">
<msg time="2026-02-20T12:33:49.394023" level="INFO">Opening url 'https://practice.automationtesting.in/checkout/'</msg>
<arg>${BASE_URL}/checkout/</arg>
<doc>Navigates the current browser window to the provided ``url``.</doc>
<status status="PASS" start="2026-02-20T12:33:49.393029" elapsed="2.418832"/>
</kw>
<kw name="Wait Until Element Is Visible" owner="SeleniumLibrary">
<arg>id=billing_first_name</arg>
<doc>Waits until the element ``locator`` is visible.</doc>
<status status="PASS" start="2026-02-20T12:33:51.811861" elapsed="0.029540"/>
</kw>
<kw name="Clear Element Text" owner="SeleniumLibrary">
<arg>id=billing_first_name</arg>
<doc>Clears the value of the text-input-element identified by ``locator``.</doc>
<status status="PASS" start="2026-02-20T12:33:51.841401" elapsed="0.048161"/>
</kw>
<kw name="Clear Element Text" owner="SeleniumLibrary">
<arg>id=billing_last_name</arg>
<doc>Clears the value of the text-input-element identified by ``locator``.</doc>
<status status="PASS" start="2026-02-20T12:33:51.889562" elapsed="0.061278"/>
</kw>
<kw name="Clear Element Text" owner="SeleniumLibrary">
<arg>id=billing_email</arg>
<doc>Clears the value of the text-input-element identified by ``locator``.</doc>
<status status="PASS" start="2026-02-20T12:33:51.950840" elapsed="0.098744"/>
</kw>
<kw name="Clear Element Text" owner="SeleniumLibrary">
<arg>id=billing_phone</arg>
<doc>Clears the value of the text-input-element identified by ``locator``.</doc>
<status status="PASS" start="2026-02-20T12:33:52.050579" elapsed="0.059092"/>
</kw>
<kw name="Clear Element Text" owner="SeleniumLibrary">
<arg>id=billing_city</arg>
<doc>Clears the value of the text-input-element identified by ``locator``.</doc>
<status status="PASS" start="2026-02-20T12:33:52.109671" elapsed="0.045560"/>
</kw>
<kw name="Clear Element Text" owner="SeleniumLibrary">
<arg>id=billing_postcode</arg>
<doc>Clears the value of the text-input-element identified by ``locator``.</doc>
<status status="PASS" start="2026-02-20T12:33:52.155231" elapsed="0.081041"/>
</kw>
<kw name="Input Text" owner="SeleniumLibrary">
<msg time="2026-02-20T12:33:52.237273" level="INFO">Typing text 'Omkar' into text field 'id=billing_first_name'.</msg>
<arg>id=billing_first_name</arg>
<arg>${FIRSTNAME}</arg>
<doc>Types the given ``text`` into the text field identified by ``locator``.</doc>
<status status="PASS" start="2026-02-20T12:33:52.236272" elapsed="0.120423"/>
</kw>
<kw name="Input Text" owner="SeleniumLibrary">
<msg time="2026-02-20T12:33:52.356695" level="INFO">Typing text 'Reddy' into text field 'id=billing_last_name'.</msg>
<arg>id=billing_last_name</arg>
<arg>${LASTNAME}</arg>
<doc>Types the given ``text`` into the text field identified by ``locator``.</doc>
<status status="PASS" start="2026-02-20T12:33:52.356695" elapsed="0.132797"/>
</kw>
<kw name="Input Text" owner="SeleniumLibrary">
<msg time="2026-02-20T12:33:52.490503" level="INFO">Typing text 'testuser1@test.com' into text field 'id=billing_email'.</msg>
<arg>id=billing_email</arg>
<arg>${EMAIL}</arg>
<doc>Types the given ``text`` into the text field identified by ``locator``.</doc>
<status status="PASS" start="2026-02-20T12:33:52.489492" elapsed="0.154586"/>
</kw>
<kw name="Input Text" owner="SeleniumLibrary">
<msg time="2026-02-20T12:33:52.645155" level="INFO">Typing text '9876543210' into text field 'id=billing_phone'.</msg>
<arg>id=billing_phone</arg>
<arg>${PHONE}</arg>
<doc>Types the given ``text`` into the text field identified by ``locator``.</doc>
<status status="PASS" start="2026-02-20T12:33:52.644078" elapsed="0.136362"/>
</kw>
<kw name="Input Text" owner="SeleniumLibrary">
<msg time="2026-02-20T12:33:52.780957" level="INFO">Typing text 'Hyderabad' into text field 'id=billing_city'.</msg>
<arg>id=billing_city</arg>
<arg>${CITY}</arg>
<doc>Types the given ``text`` into the text field identified by ``locator``.</doc>
<status status="PASS" start="2026-02-20T12:33:52.780957" elapsed="0.129703"/>
</kw>
<kw name="Input Text" owner="SeleniumLibrary">
<msg time="2026-02-20T12:33:52.912049" level="INFO">Typing text '500001' into text field 'id=billing_postcode'.</msg>
<arg>id=billing_postcode</arg>
<arg>${POSTCODE}</arg>
<doc>Types the given ``text`` into the text field identified by ``locator``.</doc>
<status status="PASS" start="2026-02-20T12:33:52.912049" elapsed="0.108474"/>
</kw>
<kw name="Element Should Be Visible" owner="SeleniumLibrary">
<msg time="2026-02-20T12:33:53.047975" level="INFO">Element 'id=place_order' is displayed.</msg>
<arg>id=place_order</arg>
<doc>Verifies that the element identified by ``locator`` is visible.</doc>
<status status="PASS" start="2026-02-20T12:33:53.021536" elapsed="0.026439"/>
</kw>
<arg>${EMAIL}</arg>
<arg>${FIRSTNAME}</arg>
<arg>${LASTNAME}</arg>
<arg>${PHONE}</arg>
<arg>${CITY}</arg>
<arg>${POSTCODE}</arg>
<status status="PASS" start="2026-02-20T12:33:49.392035" elapsed="3.655940"/>
</kw>
<kw name="Logout Validation">
<kw name="Logout User" owner="login_keywords">
<kw name="Go To" owner="SeleniumLibrary">
<msg time="2026-02-20T12:33:53.050502" level="INFO">Opening url 'https://practice.automationtesting.in/my-account/'</msg>
<arg>https://practice.automationtesting.in/my-account/</arg>
<doc>Navigates the current browser window to the provided ``url``.</doc>
<status status="PASS" start="2026-02-20T12:33:53.049489" elapsed="2.844156"/>
</kw>
<kw name="Wait Until Page Contains Element" owner="SeleniumLibrary">
<arg>css=body</arg>
<doc>Waits until the element ``locator`` appears on the current page.</doc>
<status status="PASS" start="2026-02-20T12:33:55.894647" elapsed="0.013031"/>
</kw>
<kw name="Run Keyword And Ignore Error" owner="BuiltIn">
<kw name="Click Element" owner="SeleniumLibrary">
<msg time="2026-02-20T12:33:55.908677" level="INFO">Clicking element 'xpath=//a[text()='Logout']'.</msg>
<arg>xpath=//a[text()='Logout']</arg>
<doc>Click the element identified by ``locator``.</doc>
<status status="PASS" start="2026-02-20T12:33:55.908677" elapsed="2.790862"/>
</kw>
<arg>Click Element</arg>
<arg>xpath=//a[text()='Logout']</arg>
<doc>Runs the given keyword with the given arguments and ignores possible error.</doc>
<status status="PASS" start="2026-02-20T12:33:55.907678" elapsed="2.791861"/>
</kw>
<kw name="Wait Until Element Is Visible" owner="SeleniumLibrary">
<arg>id=username</arg>
<arg>15s</arg>
<doc>Waits until the element ``locator`` is visible.</doc>
<status status="PASS" start="2026-02-20T12:33:58.699539" elapsed="0.035601"/>
</kw>
<status status="PASS" start="2026-02-20T12:33:53.049489" elapsed="5.685651"/>
</kw>
<kw name="Wait Until Element Is Visible" owner="SeleniumLibrary">
<arg>id=username</arg>
<doc>Waits until the element ``locator`` is visible.</doc>
<status status="PASS" start="2026-02-20T12:33:58.736135" elapsed="0.026323"/>
</kw>
<status status="PASS" start="2026-02-20T12:33:53.047975" elapsed="5.715487"/>
</kw>
<arg>EMAIL=testuser1@test.com</arg>
<arg>PASSWORD=Omkar@2003</arg>
<arg>FIRSTNAME=Omkar</arg>
<arg>LASTNAME=Reddy</arg>
<arg>PHONE=9876543210</arg>
<arg>CITY=Hyderabad</arg>
<arg>POSTCODE=500001</arg>
<status status="PASS" start="2026-02-20T12:33:28.536278" elapsed="30.227184"/>
</kw>
<kw name="End User Session" type="TEARDOWN">
<kw name="Take Test Screenshot" owner="common">
<kw name="Capture Page Screenshot" owner="SeleniumLibrary">
<msg time="2026-02-20T12:33:59.095710" level="INFO" html="true">&lt;/td&gt;&lt;/tr&gt;&lt;tr&gt;&lt;td colspan="3"&gt;&lt;a href="User1.png"&gt;&lt;img src="User1.png" width="800px"&gt;&lt;/a&gt;</msg>
<arg>${TEST NAME}.png</arg>
<doc>Takes a screenshot of the current page and embeds it into a log file.</doc>
<status status="PASS" start="2026-02-20T12:33:58.765451" elapsed="0.330259"/>
</kw>
<status status="PASS" start="2026-02-20T12:33:58.765451" elapsed="0.330259"/>
</kw>
<kw name="Close Application" owner="common">
<kw name="Close All Browsers" owner="SeleniumLibrary">
<doc>Closes all open browsers and resets the browser cache.</doc>
<status status="PASS" start="2026-02-20T12:33:59.096715" elapsed="2.258573"/>
</kw>
<status status="PASS" start="2026-02-20T12:33:59.096715" elapsed="2.259579"/>
</kw>
<status status="PASS" start="2026-02-20T12:33:58.764403" elapsed="2.591891"/>
</kw>
<status status="PASS" start="2026-02-20T12:33:23.220775" elapsed="38.135519"/>
</test>
<test id="s1-t2" name="User2" line="19">
<kw name="Start User Session" type="SETUP">
<kw name="Open Application" owner="common">
<kw name="Open Browser" owner="SeleniumLibrary">
<msg time="2026-02-20T12:34:01.358289" level="INFO">Opening browser 'chrome' to base url 'https://practice.automationtesting.in/'.</msg>
<arg>${URL}</arg>
<arg>${browser}</arg>
<doc>Opens a new browser instance to the optional ``url``.</doc>
<status status="PASS" start="2026-02-20T12:34:01.358289" elapsed="5.170397"/>
</kw>
<kw name="Maximize Browser Window" owner="SeleniumLibrary">
<doc>Maximizes current browser window.</doc>
<status status="PASS" start="2026-02-20T12:34:06.528686" elapsed="0.110632"/>
</kw>
<kw name="Set Selenium Timeout" owner="SeleniumLibrary">
<arg>${TIMEOUT}</arg>
<doc>Sets the timeout that is used by various keywords.</doc>
<status status="PASS" start="2026-02-20T12:34:06.641489" elapsed="0.005622"/>
</kw>
<arg>${BROWSER}</arg>
<status status="PASS" start="2026-02-20T12:34:01.358289" elapsed="5.290536"/>
</kw>
<status status="PASS" start="2026-02-20T12:34:01.358289" elapsed="5.290536"/>
</kw>
<kw name="Ecommerce Flow">
<kw name="Login Validation">
<kw name="Go To" owner="SeleniumLibrary">
<msg time="2026-02-20T12:34:06.653411" level="INFO">Opening url 'https://practice.automationtesting.in/my-account/'</msg>
<arg>${BASE_URL}/my-account/</arg>
<doc>Navigates the current browser window to the provided ``url``.</doc>
<status status="PASS" start="2026-02-20T12:34:06.651911" elapsed="0.839613"/>
</kw>
<kw name="Login User" owner="login_keywords">
<kw name="Input Text" owner="SeleniumLibrary">
<msg time="2026-02-20T12:34:07.494529" level="INFO">Typing text 'testuser2@test.com' into text field 'id=username'.</msg>
<arg>id=username</arg>
<arg>${EMAIL}</arg>
<doc>Types the given ``text`` into the text field identified by ``locator``.</doc>
<status status="PASS" start="2026-02-20T12:34:07.494529" elapsed="0.240062"/>
</kw>
<kw name="Input Text" owner="SeleniumLibrary">
<msg time="2026-02-20T12:34:07.736560" level="INFO">Typing text 'Omkar@2003' into text field 'id=password'.</msg>
<arg>id=password</arg>
<arg>${PASSWORD}</arg>
<doc>Types the given ``text`` into the text field identified by ``locator``.</doc>
<status status="PASS" start="2026-02-20T12:34:07.735578" elapsed="0.178229"/>
</kw>
<kw name="Click Button" owner="SeleniumLibrary">
<msg time="2026-02-20T12:34:07.914804" level="INFO">Clicking button 'name=login'.</msg>
<arg>name=login</arg>
<doc>Clicks the button identified by ``locator``.</doc>
<status status="PASS" start="2026-02-20T12:34:07.914804" elapsed="3.015798"/>
</kw>
<arg>${EMAIL}</arg>
<arg>${PASSWORD}</arg>
<status status="PASS" start="2026-02-20T12:34:07.492518" elapsed="3.438591"/>
</kw>
<kw name="Run Keyword And Return Status" owner="BuiltIn">
<kw name="Page Should Contain" owner="SeleniumLibrary">
<msg time="2026-02-20T12:34:10.954449" level="INFO">Current page contains text 'Dashboard'.</msg>
<arg>Dashboard</arg>
<doc>Verifies that current page contains ``text``.</doc>
<status status="PASS" start="2026-02-20T12:34:10.932113" elapsed="0.022336"/>
</kw>
<msg time="2026-02-20T12:34:10.955450" level="INFO">${login_success} = True</msg>
<var>${login_success}</var>
<arg>Page Should Contain</arg>
<arg>Dashboard</arg>
<doc>Runs the specified keyword and returns the status as a Boolean value.</doc>
<status status="PASS" start="2026-02-20T12:34:10.931109" elapsed="0.024341"/>
</kw>
<kw name="Run Keyword If" owner="BuiltIn">
<arg>not ${login_success}</arg>
<arg>Fail</arg>
<arg>❌ Unregistered or Invalid Login for user: ${EMAIL}</arg>
<doc>Runs the given keyword with the given arguments, if ``condition`` is true.</doc>
<status status="PASS" start="2026-02-20T12:34:10.955450" elapsed="0.000999"/>
</kw>
<arg>${EMAIL}</arg>
<arg>${PASSWORD}</arg>
<status status="PASS" start="2026-02-20T12:34:06.651911" elapsed="4.304538"/>
</kw>
<kw name="Search Validation">
<kw name="Go To" owner="SeleniumLibrary">
<msg time="2026-02-20T12:34:10.958459" level="INFO">Opening url 'https://practice.automationtesting.in/shop/'</msg>
<arg>${BASE_URL}/shop/</arg>
<doc>Navigates the current browser window to the provided ``url``.</doc>
<status status="PASS" start="2026-02-20T12:34:10.957448" elapsed="2.807856"/>
</kw>
<kw name="Wait Until Element Is Visible" owner="SeleniumLibrary">
<arg>id=s</arg>
<doc>Waits until the element ``locator`` is visible.</doc>
<status status="PASS" start="2026-02-20T12:34:13.765304" elapsed="0.028122"/>
</kw>
<kw name="Input Text" owner="SeleniumLibrary">
<msg time="2026-02-20T12:34:13.794423" level="INFO">Typing text 'HTML' into text field 'id=s'.</msg>
<arg>id=s</arg>
<arg>HTML</arg>
<doc>Types the given ``text`` into the text field identified by ``locator``.</doc>
<status status="PASS" start="2026-02-20T12:34:13.794423" elapsed="0.111442"/>
</kw>
<kw name="Press Keys" owner="SeleniumLibrary">
<msg time="2026-02-20T12:34:13.906865" level="INFO">Sending key(s) ('ENTER',) to id=s element.</msg>
<msg time="2026-02-20T12:34:14.244109" level="INFO">Pressing special key ENTER to element.</msg>
<msg time="2026-02-20T12:34:14.245123" level="INFO">Releasing special key ENTER.</msg>
<arg>id=s</arg>
<arg>ENTER</arg>
<doc>Simulates the user pressing key(s) to an element or on the active browser.</doc>
<status status="PASS" start="2026-02-20T12:34:13.906865" elapsed="0.343772"/>
</kw>
<kw name="Wait Until Element Is Visible" owner="SeleniumLibrary">
<arg>css=ul.products</arg>
<doc>Waits until the element ``locator`` is visible.</doc>
<status status="PASS" start="2026-02-20T12:34:14.250637" elapsed="0.023773"/>
</kw>
<kw name="Get Element Count" owner="SeleniumLibrary">
<msg time="2026-02-20T12:34:14.290484" level="INFO">${count} = 8</msg>
<var>${count}</var>
<arg>css=ul.products li</arg>
<doc>Returns the number of elements matching ``locator``.</doc>
<status status="PASS" start="2026-02-20T12:34:14.274410" elapsed="0.016074"/>
</kw>
<kw name="Should Be True" owner="BuiltIn">
<arg>${count} &gt; 0</arg>
<doc>Fails if the given condition is not true.</doc>
<status status="PASS" start="2026-02-20T12:34:14.291499" elapsed="0.001000"/>
</kw>
<status status="PASS" start="2026-02-20T12:34:10.957448" elapsed="3.335051"/>
</kw>
<kw name="Sorting Validation">
<kw name="Select From List By Value" owner="SeleniumLibrary">
<msg time="2026-02-20T12:34:14.294512" level="INFO">Selecting options from selection list 'css=select.orderby' by value price.</msg>
<arg>css=select.orderby</arg>
<arg>price</arg>
<doc>Selects options from selection list ``locator`` by ``values``.</doc>
<status status="PASS" start="2026-02-20T12:34:14.293514" elapsed="2.994084"/>
</kw>
<kw name="Wait Until Keyword Succeeds" owner="BuiltIn">
<kw name="Element Should Be Visible" owner="SeleniumLibrary">
<msg time="2026-02-20T12:34:17.303393" level="INFO">Element 'css=ul.products' is displayed.</msg>
<arg>css=ul.products</arg>
<doc>Verifies that the element identified by ``locator`` is visible.</doc>
<status status="PASS" start="2026-02-20T12:34:17.288602" elapsed="0.014791"/>
</kw>
<arg>3x</arg>
<arg>3s</arg>
<arg>Element Should Be Visible</arg>
<arg>css=ul.products</arg>
<doc>Runs the specified keyword and retries if it fails.</doc>
<status status="PASS" start="2026-02-20T12:34:17.287598" elapsed="0.015795"/>
</kw>
<kw name="Execute Javascript" owner="SeleniumLibrary">
<msg time="2026-02-20T12:34:17.304389" level="INFO">Executing JavaScript:
document.querySelector('#min_price').value='150';
Without any arguments.</msg>
<arg>document.querySelector('#min_price').value='150';</arg>
<doc>Executes the given JavaScript code with possible arguments.</doc>
<status status="PASS" start="2026-02-20T12:34:17.303393" elapsed="0.008435"/>
</kw>
<kw name="Execute Javascript" owner="SeleniumLibrary">
<msg time="2026-02-20T12:34:17.313832" level="INFO">Executing JavaScript:
document.querySelector('#max_price').value='300';
Without any arguments.</msg>
<arg>document.querySelector('#max_price').value='300';</arg>
<doc>Executes the given JavaScript code with possible arguments.</doc>
<status status="PASS" start="2026-02-20T12:34:17.312836" elapsed="0.007512"/>
</kw>
<kw name="Execute Javascript" owner="SeleniumLibrary">
<msg time="2026-02-20T12:34:17.322376" level="INFO">Executing JavaScript:
jQuery('body').trigger('price_slider_change');
Without any arguments.</msg>
<arg>jQuery('body').trigger('price_slider_change');</arg>
<doc>Executes the given JavaScript code with possible arguments.</doc>
<status status="PASS" start="2026-02-20T12:34:17.321375" elapsed="0.009019"/>
</kw>
<kw name="Click Button" owner="SeleniumLibrary">
<msg time="2026-02-20T12:34:17.330906" level="INFO">Clicking button 'css=.price_slider_amount button'.</msg>
<arg>css=.price_slider_amount button</arg>
<doc>Clicks the button identified by ``locator``.</doc>
<status status="PASS" start="2026-02-20T12:34:17.330906" elapsed="1.942765"/>
</kw>
<kw name="Wait Until Element Is Visible" owner="SeleniumLibrary">
<arg>css=.price_label</arg>
<doc>Waits until the element ``locator`` is visible.</doc>
<status status="PASS" start="2026-02-20T12:34:19.273671" elapsed="0.024745"/>
</kw>
<status status="PASS" start="2026-02-20T12:34:14.292499" elapsed="5.005917"/>
</kw>
<kw name="Cart Validation">
<kw name="Go To" owner="SeleniumLibrary">
<msg time="2026-02-20T12:34:19.300432" level="INFO">Opening url 'https://practice.automationtesting.in/shop/?add-to-cart=169'</msg>
<arg>${PRODUCT1}</arg>
<doc>Navigates the current browser window to the provided ``url``.</doc>
<status status="PASS" start="2026-02-20T12:34:19.299413" elapsed="2.046360"/>
</kw>
<kw name="Go To" owner="SeleniumLibrary">
<msg time="2026-02-20T12:34:21.346806" level="INFO">Opening url 'https://practice.automationtesting.in/shop/?add-to-cart=181'</msg>
<arg>${PRODUCT2}</arg>
<doc>Navigates the current browser window to the provided ``url``.</doc>
<status status="PASS" start="2026-02-20T12:34:21.345773" elapsed="1.186955"/>
</kw>
<kw name="Go To" owner="SeleniumLibrary">
<msg time="2026-02-20T12:34:22.533716" level="INFO">Opening url 'https://practice.automationtesting.in/basket/'</msg>
<arg>${BASE_URL}/basket/</arg>
<doc>Navigates the current browser window to the provided ``url``.</doc>
<status status="PASS" start="2026-02-20T12:34:22.533716" elapsed="1.164925"/>
</kw>
<kw name="Wait Until Element Is Visible" owner="SeleniumLibrary">
<arg>css=table.shop_table</arg>
<doc>Waits until the element ``locator`` is visible.</doc>
<status status="PASS" start="2026-02-20T12:34:23.698641" elapsed="0.039622"/>
</kw>
<status status="PASS" start="2026-02-20T12:34:19.298416" elapsed="4.439847"/>
</kw>
<kw name="Billing Validation">
<kw name="Go To" owner="SeleniumLibrary">
<msg time="2026-02-20T12:34:23.740328" level="INFO">Opening url 'https://practice.automationtesting.in/checkout/'</msg>
<arg>${BASE_URL}/checkout/</arg>
<doc>Navigates the current browser window to the provided ``url``.</doc>
<status status="PASS" start="2026-02-20T12:34:23.740328" elapsed="1.064506"/>
</kw>
<kw name="Wait Until Element Is Visible" owner="SeleniumLibrary">
<arg>id=billing_first_name</arg>
<doc>Waits until the element ``locator`` is visible.</doc>
<status status="PASS" start="2026-02-20T12:34:24.804834" elapsed="0.048788"/>
</kw>
<kw name="Clear Element Text" owner="SeleniumLibrary">
<arg>id=billing_first_name</arg>
<doc>Clears the value of the text-input-element identified by ``locator``.</doc>
<status status="PASS" start="2026-02-20T12:34:24.853622" elapsed="0.036679"/>
</kw>
<kw name="Clear Element Text" owner="SeleniumLibrary">
<arg>id=billing_last_name</arg>
<doc>Clears the value of the text-input-element identified by ``locator``.</doc>
<status status="PASS" start="2026-02-20T12:34:24.890301" elapsed="0.098150"/>
</kw>
<kw name="Clear Element Text" owner="SeleniumLibrary">
<arg>id=billing_email</arg>
<doc>Clears the value of the text-input-element identified by ``locator``.</doc>
<status status="PASS" start="2026-02-20T12:34:24.989477" elapsed="0.053669"/>
</kw>
<kw name="Clear Element Text" owner="SeleniumLibrary">
<arg>id=billing_phone</arg>
<doc>Clears the value of the text-input-element identified by ``locator``.</doc>
<status status="PASS" start="2026-02-20T12:34:25.044144" elapsed="0.145572"/>
</kw>
<kw name="Clear Element Text" owner="SeleniumLibrary">
<arg>id=billing_city</arg>
<doc>Clears the value of the text-input-element identified by ``locator``.</doc>
<status status="PASS" start="2026-02-20T12:34:25.190713" elapsed="0.078990"/>
</kw>
<kw name="Clear Element Text" owner="SeleniumLibrary">
<arg>id=billing_postcode</arg>
<doc>Clears the value of the text-input-element identified by ``locator``.</doc>
<status status="PASS" start="2026-02-20T12:34:25.269703" elapsed="0.083299"/>
</kw>
<kw name="Input Text" owner="SeleniumLibrary">
<msg time="2026-02-20T12:34:25.353984" level="INFO">Typing text 'Ravi' into text field 'id=billing_first_name'.</msg>
<arg>id=billing_first_name</arg>
<arg>${FIRSTNAME}</arg>
<doc>Types the given ``text`` into the text field identified by ``locator``.</doc>
<status status="PASS" start="2026-02-20T12:34:25.353002" elapsed="0.113678"/>
</kw>
<kw name="Input Text" owner="SeleniumLibrary">
<msg time="2026-02-20T12:34:25.468687" level="INFO">Typing text 'Kumar' into text field 'id=billing_last_name'.</msg>
<arg>id=billing_last_name</arg>
<arg>${LASTNAME}</arg>
<doc>Types the given ``text`` into the text field identified by ``locator``.</doc>
<status status="PASS" start="2026-02-20T12:34:25.466680" elapsed="0.140886"/>
</kw>
<kw name="Input Text" owner="SeleniumLibrary">
<msg time="2026-02-20T12:34:25.607566" level="INFO">Typing text 'testuser2@test.com' into text field 'id=billing_email'.</msg>
<arg>id=billing_email</arg>
<arg>${EMAIL}</arg>
<doc>Types the given ``text`` into the text field identified by ``locator``.</doc>
<status status="PASS" start="2026-02-20T12:34:25.607566" elapsed="0.113020"/>
</kw>
<kw name="Input Text" owner="SeleniumLibrary">
<msg time="2026-02-20T12:34:25.721940" level="INFO">Typing text '9876543222' into text field 'id=billing_phone'.</msg>
<arg>id=billing_phone</arg>
<arg>${PHONE}</arg>
<doc>Types the given ``text`` into the text field identified by ``locator``.</doc>
<status status="PASS" start="2026-02-20T12:34:25.720586" elapsed="0.107147"/>
</kw>
<kw name="Input Text" owner="SeleniumLibrary">
<msg time="2026-02-20T12:34:25.827733" level="INFO">Typing text 'Chennai' into text field 'id=billing_city'.</msg>
<arg>id=billing_city</arg>
<arg>${CITY}</arg>
<doc>Types the given ``text`` into the text field identified by ``locator``.</doc>
<status status="PASS" start="2026-02-20T12:34:25.827733" elapsed="0.103931"/>
</kw>
<kw name="Input Text" owner="SeleniumLibrary">
<msg time="2026-02-20T12:34:25.932667" level="INFO">Typing text '600001' into text field 'id=billing_postcode'.</msg>
<arg>id=billing_postcode</arg>
<arg>${POSTCODE}</arg>
<doc>Types the given ``text`` into the text field identified by ``locator``.</doc>
<status status="PASS" start="2026-02-20T12:34:25.932667" elapsed="0.158224"/>
</kw>
<kw name="Element Should Be Visible" owner="SeleniumLibrary">
<msg time="2026-02-20T12:34:26.116710" level="INFO">Element 'id=place_order' is displayed.</msg>
<arg>id=place_order</arg>
<doc>Verifies that the element identified by ``locator`` is visible.</doc>
<status status="PASS" start="2026-02-20T12:34:26.090891" elapsed="0.026830"/>
</kw>
<arg>${EMAIL}</arg>
<arg>${FIRSTNAME}</arg>
<arg>${LASTNAME}</arg>
<arg>${PHONE}</arg>
<arg>${CITY}</arg>
<arg>${POSTCODE}</arg>
<status status="PASS" start="2026-02-20T12:34:23.738263" elapsed="2.379458"/>
</kw>
<kw name="Logout Validation">
<kw name="Logout User" owner="login_keywords">
<kw name="Go To" owner="SeleniumLibrary">
<msg time="2026-02-20T12:34:26.120727" level="INFO">Opening url 'https://practice.automationtesting.in/my-account/'</msg>
<arg>https://practice.automationtesting.in/my-account/</arg>
<doc>Navigates the current browser window to the provided ``url``.</doc>
<status status="PASS" start="2026-02-20T12:34:26.120727" elapsed="2.424776"/>
</kw>
<kw name="Wait Until Page Contains Element" owner="SeleniumLibrary">
<arg>css=body</arg>
<doc>Waits until the element ``locator`` appears on the current page.</doc>
<status status="PASS" start="2026-02-20T12:34:28.546518" elapsed="0.011421"/>
</kw>
<kw name="Run Keyword And Ignore Error" owner="BuiltIn">
<kw name="Click Element" owner="SeleniumLibrary">
<msg time="2026-02-20T12:34:28.559471" level="INFO">Clicking element 'xpath=//a[text()='Logout']'.</msg>
<arg>xpath=//a[text()='Logout']</arg>
<doc>Click the element identified by ``locator``.</doc>
<status status="PASS" start="2026-02-20T12:34:28.559471" elapsed="3.121308"/>
</kw>
<arg>Click Element</arg>
<arg>xpath=//a[text()='Logout']</arg>
<doc>Runs the given keyword with the given arguments and ignores possible error.</doc>
<status status="PASS" start="2026-02-20T12:34:28.557939" elapsed="3.122840"/>
</kw>
<kw name="Wait Until Element Is Visible" owner="SeleniumLibrary">
<arg>id=username</arg>
<arg>15s</arg>
<doc>Waits until the element ``locator`` is visible.</doc>
<status status="PASS" start="2026-02-20T12:34:31.681392" elapsed="0.029222"/>
</kw>
<status status="PASS" start="2026-02-20T12:34:26.119715" elapsed="5.590899"/>
</kw>
<kw name="Wait Until Element Is Visible" owner="SeleniumLibrary">
<arg>id=username</arg>
<doc>Waits until the element ``locator`` is visible.</doc>
<status status="PASS" start="2026-02-20T12:34:31.711646" elapsed="0.021062"/>
</kw>
<status status="PASS" start="2026-02-20T12:34:26.118714" elapsed="5.613994"/>
</kw>
<arg>EMAIL=testuser2@test.com</arg>
<arg>PASSWORD=Omkar@2003</arg>
<arg>FIRSTNAME=Ravi</arg>
<arg>LASTNAME=Kumar</arg>
<arg>PHONE=9876543222</arg>
<arg>CITY=Chennai</arg>
<arg>POSTCODE=600001</arg>
<status status="PASS" start="2026-02-20T12:34:06.649844" elapsed="25.082864"/>
</kw>
<kw name="End User Session" type="TEARDOWN">
<kw name="Take Test Screenshot" owner="common">
<kw name="Capture Page Screenshot" owner="SeleniumLibrary">
<msg time="2026-02-20T12:34:31.990582" level="INFO" html="true">&lt;/td&gt;&lt;/tr&gt;&lt;tr&gt;&lt;td colspan="3"&gt;&lt;a href="User2.png"&gt;&lt;img src="User2.png" width="800px"&gt;&lt;/a&gt;</msg>
<arg>${TEST NAME}.png</arg>
<doc>Takes a screenshot of the current page and embeds it into a log file.</doc>
<status status="PASS" start="2026-02-20T12:34:31.735715" elapsed="0.254867"/>
</kw>
<status status="PASS" start="2026-02-20T12:34:31.734695" elapsed="0.256918"/>
</kw>
<kw name="Close Application" owner="common">
<kw name="Close All Browsers" owner="SeleniumLibrary">
<doc>Closes all open browsers and resets the browser cache.</doc>
<status status="PASS" start="2026-02-20T12:34:31.992615" elapsed="2.245348"/>
</kw>
<status status="PASS" start="2026-02-20T12:34:31.991613" elapsed="2.246350"/>
</kw>
<status status="PASS" start="2026-02-20T12:34:31.734695" elapsed="2.503268"/>
</kw>
<status status="PASS" start="2026-02-20T12:34:01.357290" elapsed="32.880673"/>
</test>
<test id="s1-t3" name="User3" line="19">
<kw name="Start User Session" type="SETUP">
<kw name="Open Application" owner="common">
<kw name="Open Browser" owner="SeleniumLibrary">
<msg time="2026-02-20T12:34:34.241481" level="INFO">Opening browser 'chrome' to base url 'https://practice.automationtesting.in/'.</msg>
<arg>${URL}</arg>
<arg>${browser}</arg>
<doc>Opens a new browser instance to the optional ``url``.</doc>
<status status="PASS" start="2026-02-20T12:34:34.241481" elapsed="5.579052"/>
</kw>
<kw name="Maximize Browser Window" owner="SeleniumLibrary">
<doc>Maximizes current browser window.</doc>
<status status="PASS" start="2026-02-20T12:34:39.820533" elapsed="0.107693"/>
</kw>
<kw name="Set Selenium Timeout" owner="SeleniumLibrary">
<arg>${TIMEOUT}</arg>
<doc>Sets the timeout that is used by various keywords.</doc>
<status status="PASS" start="2026-02-20T12:34:39.928226" elapsed="0.003029"/>
</kw>
<arg>${BROWSER}</arg>
<status status="PASS" start="2026-02-20T12:34:34.240474" elapsed="5.690781"/>
</kw>
<status status="PASS" start="2026-02-20T12:34:34.240474" elapsed="5.690781"/>
</kw>
<kw name="Ecommerce Flow">
<kw name="Login Validation">
<kw name="Go To" owner="SeleniumLibrary">
<msg time="2026-02-20T12:34:39.937262" level="INFO">Opening url 'https://practice.automationtesting.in/my-account/'</msg>
<arg>${BASE_URL}/my-account/</arg>
<doc>Navigates the current browser window to the provided ``url``.</doc>
<status status="PASS" start="2026-02-20T12:34:39.935311" elapsed="2.959026"/>
</kw>
<kw name="Login User" owner="login_keywords">
<kw name="Input Text" owner="SeleniumLibrary">
<msg time="2026-02-20T12:34:42.896347" level="INFO">Typing text 'testuser3@test.com' into text field 'id=username'.</msg>
<arg>id=username</arg>
<arg>${EMAIL}</arg>
<doc>Types the given ``text`` into the text field identified by ``locator``.</doc>
<status status="PASS" start="2026-02-20T12:34:42.895350" elapsed="0.234854"/>
</kw>
<kw name="Input Text" owner="SeleniumLibrary">
<msg time="2026-02-20T12:34:43.131456" level="INFO">Typing text 'Omkar@2003' into text field 'id=password'.</msg>
<arg>id=password</arg>
<arg>${PASSWORD}</arg>
<doc>Types the given ``text`` into the text field identified by ``locator``.</doc>
<status status="PASS" start="2026-02-20T12:34:43.131456" elapsed="0.130088"/>
</kw>
<kw name="Click Button" owner="SeleniumLibrary">
<msg time="2026-02-20T12:34:43.261544" level="INFO">Clicking button 'name=login'.</msg>
<arg>name=login</arg>
<doc>Clicks the button identified by ``locator``.</doc>
<status status="PASS" start="2026-02-20T12:34:43.261544" elapsed="2.069131"/>
</kw>
<arg>${EMAIL}</arg>
<arg>${PASSWORD}</arg>
<status status="PASS" start="2026-02-20T12:34:42.895350" elapsed="2.435325"/>
</kw>
<kw name="Run Keyword And Return Status" owner="BuiltIn">
<kw name="Page Should Contain" owner="SeleniumLibrary">
<msg time="2026-02-20T12:34:46.061955" level="INFO" html="true">&lt;/td&gt;&lt;/tr&gt;&lt;tr&gt;&lt;td colspan="3"&gt;&lt;a href="selenium-screenshot-77.png"&gt;&lt;img src="selenium-screenshot-77.png" width="800px"&gt;&lt;/a&gt;</msg>
<msg time="2026-02-20T12:34:46.061955" level="FAIL">Page should have contained text 'Dashboard' but did not.</msg>
<arg>Dashboard</arg>
<doc>Verifies that current page contains ``text``.</doc>
<status status="FAIL" start="2026-02-20T12:34:45.333086" elapsed="0.730982">Page should have contained text 'Dashboard' but did not.</status>
</kw>
<msg time="2026-02-20T12:34:46.065067" level="INFO">${login_success} = False</msg>
<var>${login_success}</var>
<arg>Page Should Contain</arg>
<arg>Dashboard</arg>
<doc>Runs the specified keyword and returns the status as a Boolean value.</doc>
<status status="PASS" start="2026-02-20T12:34:45.330675" elapsed="0.734392"/>
</kw>
<kw name="Run Keyword If" owner="BuiltIn">
<kw name="Fail" owner="BuiltIn">
<msg time="2026-02-20T12:34:46.066055" level="FAIL">❌ Unregistered or Invalid Login for user: testuser3@test.com</msg>
<arg>❌ Unregistered or Invalid Login for user: ${EMAIL}</arg>
<doc>Fails the test with the given message and optionally alters its tags.</doc>
<status status="FAIL" start="2026-02-20T12:34:46.066055" elapsed="0.001003">❌ Unregistered or Invalid Login for user: testuser3@test.com</status>
</kw>
<arg>not ${login_success}</arg>
<arg>Fail</arg>
<arg>❌ Unregistered or Invalid Login for user: ${EMAIL}</arg>
<doc>Runs the given keyword with the given arguments, if ``condition`` is true.</doc>
<status status="FAIL" start="2026-02-20T12:34:46.065067" elapsed="0.001991">❌ Unregistered or Invalid Login for user: testuser3@test.com</status>
</kw>
<arg>${EMAIL}</arg>
<arg>${PASSWORD}</arg>
<status status="FAIL" start="2026-02-20T12:34:39.934363" elapsed="6.132695">❌ Unregistered or Invalid Login for user: testuser3@test.com</status>
</kw>
<kw name="Search Validation">
<status status="NOT RUN" start="2026-02-20T12:34:46.067058" elapsed="0.000000"/>
</kw>
<kw name="Sorting Validation">
<status status="NOT RUN" start="2026-02-20T12:34:46.067971" elapsed="0.000000"/>
</kw>
<kw name="Cart Validation">
<status status="NOT RUN" start="2026-02-20T12:34:46.067971" elapsed="0.000000"/>
</kw>
<kw name="Billing Validation">
<arg>${EMAIL}</arg>
<arg>${FIRSTNAME}</arg>
<arg>${LASTNAME}</arg>
<arg>${PHONE}</arg>
<arg>${CITY}</arg>
<arg>${POSTCODE}</arg>
<status status="NOT RUN" start="2026-02-20T12:34:46.067971" elapsed="0.000000"/>
</kw>
<kw name="Logout Validation">
<status status="NOT RUN" start="2026-02-20T12:34:46.067971" elapsed="0.001612"/>
</kw>
<arg>EMAIL=testuser3@test.com</arg>
<arg>PASSWORD=Omkar@2003</arg>
<arg>FIRSTNAME=Anil</arg>
<arg>LASTNAME=Varma</arg>
<arg>PHONE=9876543333</arg>
<arg>CITY=Bangalore</arg>
<arg>POSTCODE=560001</arg>
<status status="FAIL" start="2026-02-20T12:34:39.932255" elapsed="6.137328">❌ Unregistered or Invalid Login for user: testuser3@test.com</status>
</kw>
<kw name="End User Session" type="TEARDOWN">
<kw name="Take Test Screenshot" owner="common">
<kw name="Capture Page Screenshot" owner="SeleniumLibrary">
<msg time="2026-02-20T12:34:46.289285" level="INFO" html="true">&lt;/td&gt;&lt;/tr&gt;&lt;tr&gt;&lt;td colspan="3"&gt;&lt;a href="User3.png"&gt;&lt;img src="User3.png" width="800px"&gt;&lt;/a&gt;</msg>
<arg>${TEST NAME}.png</arg>
<doc>Takes a screenshot of the current page and embeds it into a log file.</doc>
<status status="PASS" start="2026-02-20T12:34:46.072785" elapsed="0.217498"/>
</kw>
<status status="PASS" start="2026-02-20T12:34:46.071718" elapsed="0.218565"/>
</kw>
<kw name="Close Application" owner="common">
<kw name="Close All Browsers" owner="SeleniumLibrary">
<doc>Closes all open browsers and resets the browser cache.</doc>
<status status="PASS" start="2026-02-20T12:34:46.290818" elapsed="2.211940"/>
</kw>
<status status="PASS" start="2026-02-20T12:34:46.290818" elapsed="2.211940"/>
</kw>
<status status="PASS" start="2026-02-20T12:34:46.070669" elapsed="2.432089"/>
</kw>
<status status="FAIL" start="2026-02-20T12:34:34.239470" elapsed="14.264204">❌ Unregistered or Invalid Login for user: testuser3@test.com</status>
</test>
<test id="s1-t4" name="User4" line="19">
<kw name="Start User Session" type="SETUP">
<kw name="Open Application" owner="common">
<kw name="Open Browser" owner="SeleniumLibrary">
<msg time="2026-02-20T12:34:48.505629" level="INFO">Opening browser 'chrome' to base url 'https://practice.automationtesting.in/'.</msg>
<arg>${URL}</arg>
<arg>${browser}</arg>
<doc>Opens a new browser instance to the optional ``url``.</doc>
<status status="PASS" start="2026-02-20T12:34:48.505629" elapsed="5.111636"/>
</kw>
<kw name="Maximize Browser Window" owner="SeleniumLibrary">
<doc>Maximizes current browser window.</doc>
<status status="PASS" start="2026-02-20T12:34:53.618265" elapsed="0.098655"/>
</kw>
<kw name="Set Selenium Timeout" owner="SeleniumLibrary">
<arg>${TIMEOUT}</arg>
<doc>Sets the timeout that is used by various keywords.</doc>
<status status="PASS" start="2026-02-20T12:34:53.717921" elapsed="0.001506"/>
</kw>
<arg>${BROWSER}</arg>
<status status="PASS" start="2026-02-20T12:34:48.505629" elapsed="5.213798"/>
</kw>
<status status="PASS" start="2026-02-20T12:34:48.505629" elapsed="5.214804"/>
</kw>
<kw name="Ecommerce Flow">
<kw name="Login Validation">
<kw name="Go To" owner="SeleniumLibrary">
<msg time="2026-02-20T12:34:53.722441" level="INFO">Opening url 'https://practice.automationtesting.in/my-account/'</msg>
<arg>${BASE_URL}/my-account/</arg>
<doc>Navigates the current browser window to the provided ``url``.</doc>
<status status="PASS" start="2026-02-20T12:34:53.722441" elapsed="2.659201"/>
</kw>
<kw name="Login User" owner="login_keywords">
<kw name="Input Text" owner="SeleniumLibrary">
<msg time="2026-02-20T12:34:56.383771" level="INFO">Typing text 'omkaruser@gmail.com' into text field 'id=username'.</msg>
<arg>id=username</arg>
<arg>${EMAIL}</arg>
<doc>Types the given ``text`` into the text field identified by ``locator``.</doc>
<status status="PASS" start="2026-02-20T12:34:56.382743" elapsed="0.178330"/>
</kw>
<kw name="Input Text" owner="SeleniumLibrary">
<msg time="2026-02-20T12:34:56.562079" level="INFO">Typing text 'Reddy111' into text field 'id=password'.</msg>
<arg>id=password</arg>
<arg>${PASSWORD}</arg>
<doc>Types the given ``text`` into the text field identified by ``locator``.</doc>
<status status="PASS" start="2026-02-20T12:34:56.562079" elapsed="0.152865"/>
</kw>
<kw name="Click Button" owner="SeleniumLibrary">
<msg time="2026-02-20T12:34:56.715962" level="INFO">Clicking button 'name=login'.</msg>
<arg>name=login</arg>
<doc>Clicks the button identified by ``locator``.</doc>
<status status="PASS" start="2026-02-20T12:34:56.715962" elapsed="2.101804"/>
</kw>
<arg>${EMAIL}</arg>
<arg>${PASSWORD}</arg>
<status status="PASS" start="2026-02-20T12:34:56.382743" elapsed="2.436024"/>
</kw>
<kw name="Run Keyword And Return Status" owner="BuiltIn">
<kw name="Page Should Contain" owner="SeleniumLibrary">
<msg time="2026-02-20T12:34:59.602591" level="INFO" html="true">&lt;/td&gt;&lt;/tr&gt;&lt;tr&gt;&lt;td colspan="3"&gt;&lt;a href="selenium-screenshot-78.png"&gt;&lt;img src="selenium-screenshot-78.png" width="800px"&gt;&lt;/a&gt;</msg>
<msg time="2026-02-20T12:34:59.602591" level="FAIL">Page should have contained text 'Dashboard' but did not.</msg>
<arg>Dashboard</arg>
<doc>Verifies that current page contains ``text``.</doc>
<status status="FAIL" start="2026-02-20T12:34:58.820273" elapsed="0.783328">Page should have contained text 'Dashboard' but did not.</status>
</kw>
<msg time="2026-02-20T12:34:59.604600" level="INFO">${login_success} = False</msg>
<var>${login_success}</var>
<arg>Page Should Contain</arg>
<arg>Dashboard</arg>
<doc>Runs the specified keyword and returns the status as a Boolean value.</doc>
<status status="PASS" start="2026-02-20T12:34:58.818767" elapsed="0.785833"/>
</kw>
<kw name="Run Keyword If" owner="BuiltIn">
<kw name="Fail" owner="BuiltIn">
<msg time="2026-02-20T12:34:59.607664" level="FAIL">❌ Unregistered or Invalid Login for user: omkaruser@gmail.com</msg>
<arg>❌ Unregistered or Invalid Login for user: ${EMAIL}</arg>
<doc>Fails the test with the given message and optionally alters its tags.</doc>
<status status="FAIL" start="2026-02-20T12:34:59.606602" elapsed="0.002643">❌ Unregistered or Invalid Login for user: omkaruser@gmail.com</status>
</kw>
<arg>not ${login_success}</arg>
<arg>Fail</arg>
<arg>❌ Unregistered or Invalid Login for user: ${EMAIL}</arg>
<doc>Runs the given keyword with the given arguments, if ``condition`` is true.</doc>
<status status="FAIL" start="2026-02-20T12:34:59.605597" elapsed="0.003648">❌ Unregistered or Invalid Login for user: omkaruser@gmail.com</status>
</kw>
<arg>${EMAIL}</arg>
<arg>${PASSWORD}</arg>
<status status="FAIL" start="2026-02-20T12:34:53.721439" elapsed="5.887806">❌ Unregistered or Invalid Login for user: omkaruser@gmail.com</status>
</kw>
<kw name="Search Validation">
<status status="NOT RUN" start="2026-02-20T12:34:59.610413" elapsed="0.000000"/>
</kw>
<kw name="Sorting Validation">
<status status="NOT RUN" start="2026-02-20T12:34:59.611526" elapsed="0.000000"/>
</kw>
<kw name="Cart Validation">
<status status="NOT RUN" start="2026-02-20T12:34:59.611526" elapsed="0.000000"/>
</kw>
<kw name="Billing Validation">
<arg>${EMAIL}</arg>
<arg>${FIRSTNAME}</arg>
<arg>${LASTNAME}</arg>
<arg>${PHONE}</arg>
<arg>${CITY}</arg>
<arg>${POSTCODE}</arg>
<status status="NOT RUN" start="2026-02-20T12:34:59.612522" elapsed="0.000000"/>
</kw>
<kw name="Logout Validation">
<status status="NOT RUN" start="2026-02-20T12:34:59.613560" elapsed="0.000000"/>
</kw>
<arg>EMAIL=omkaruser@gmail.com</arg>
<arg>PASSWORD=Reddy111</arg>
<arg>FIRSTNAME=nithin</arg>
<arg>LASTNAME=nair</arg>
<arg>PHONE=9797979797</arg>
<arg>CITY=Agra</arg>
<arg>POSTCODE=121212</arg>
<status status="FAIL" start="2026-02-20T12:34:53.720433" elapsed="5.893127">❌ Unregistered or Invalid Login for user: omkaruser@gmail.com</status>
</kw>
<kw name="End User Session" type="TEARDOWN">
<kw name="Take Test Screenshot" owner="common">
<kw name="Capture Page Screenshot" owner="SeleniumLibrary">
<msg time="2026-02-20T12:34:59.854902" level="INFO" html="true">&lt;/td&gt;&lt;/tr&gt;&lt;tr&gt;&lt;td colspan="3"&gt;&lt;a href="User4.png"&gt;&lt;img src="User4.png" width="800px"&gt;&lt;/a&gt;</msg>
<arg>${TEST NAME}.png</arg>
<doc>Takes a screenshot of the current page and embeds it into a log file.</doc>
<status status="PASS" start="2026-02-20T12:34:59.618386" elapsed="0.236516"/>
</kw>
<status status="PASS" start="2026-02-20T12:34:59.617325" elapsed="0.237577"/>
</kw>
<kw name="Close Application" owner="common">
<kw name="Close All Browsers" owner="SeleniumLibrary">
<doc>Closes all open browsers and resets the browser cache.</doc>
<status status="PASS" start="2026-02-20T12:34:59.855905" elapsed="2.235946"/>
</kw>
<status status="PASS" start="2026-02-20T12:34:59.855905" elapsed="2.236847"/>
</kw>
<status status="PASS" start="2026-02-20T12:34:59.615556" elapsed="2.477196"/>
</kw>
<status status="FAIL" start="2026-02-20T12:34:48.504627" elapsed="13.588125">❌ Unregistered or Invalid Login for user: omkaruser@gmail.com</status>
</test>
<status status="FAIL" start="2026-02-20T12:33:22.967869" elapsed="99.125874"/>
</suite>
<statistics>
<total>
<stat pass="2" fail="2" skip="0">All Tests</stat>
</total>
<tag>
</tag>
<suite>
<stat name="End To End" id="s1" pass="2" fail="2" skip="0">End To End</stat>
</suite>
</statistics>
<errors>
</errors>
</robot>
