<?xml version="1.0" encoding="UTF-8"?>
<robot generator="Robot 7.4.1 (Python 3.10.5 on win32)" generated="2026-02-16T10:51:49.889599" rpa="false" schemaversion="5">
<suite id="s1" name="Robot" source="C:\Users\91799\PycharmProjects\WIPRO 2026\FoodieApp\tests\robot">
<suite id="s1-s1" name="Admin" source="C:\Users\91799\PycharmProjects\WIPRO 2026\FoodieApp\tests\robot\admin.robot">
<test id="s1-s1-t1" name="Admin Module Flow" line="9">
<kw name="Create Session" owner="RequestsLibrary">
<msg time="2026-02-16T10:51:50.004384" level="INFO">Creating Session using : alias=foodie, url=http://127.0.0.1:5000, headers={},                     cookies={}, auth=None, timeout=None, proxies=None, verify=False,                     debug=0 </msg>
<arg>foodie</arg>
<arg>${BASE_URL}</arg>
<doc>Create Session: create a HTTP session to a server</doc>
<status status="PASS" start="2026-02-16T10:51:50.004384" elapsed="0.000000"/>
</kw>
<kw name="Generate Random String" owner="String">
<msg time="2026-02-16T10:51:50.005395" level="INFO">${rand} = 4HoMG</msg>
<var>${rand}</var>
<arg>5</arg>
<doc>Generates a string with a desired ``length`` from the given ``chars``.</doc>
<status status="PASS" start="2026-02-16T10:51:50.005395" elapsed="0.000000"/>
</kw>
<kw name="Set Variable" owner="BuiltIn">
<msg time="2026-02-16T10:51:50.006285" level="INFO">${rname} = AdminRest4HoMG</msg>
<var>${rname}</var>
<arg>AdminRest${rand}</arg>
<doc>Returns the given values which can then be assigned to a variables.</doc>
<status status="PASS" start="2026-02-16T10:51:50.006285" elapsed="0.000000"/>
</kw>
<kw name="Create Dictionary" owner="BuiltIn">
<msg time="2026-02-16T10:51:50.006285" level="INFO">${rest_body} = {'name': 'AdminRest4HoMG', 'location': 'Vizag'}</msg>
<var>${rest_body}</var>
<arg>name=${rname}</arg>
<arg>location=Vizag</arg>
<doc>Creates and returns a dictionary based on the given ``items``.</doc>
<status status="PASS" start="2026-02-16T10:51:50.006285" elapsed="0.001101"/>
</kw>
<kw name="POST On Session" owner="RequestsLibrary">
<msg time="2026-02-16T10:51:50.013039" level="INFO">POST Request : url=http://127.0.0.1:5000/api/v1/restaurants 
 path_url=/api/v1/restaurants 
 headers={'User-Agent': 'python-requests/2.32.5', 'Accept-Encoding': 'gzip, deflate', 'Accept': '*/*', 'Connection': 'keep-alive', 'Content-Length': '47', 'Content-Type': 'application/json'} 
 body=b'{"name": "AdminRest4HoMG", "location": "Vizag"}' 
 </msg>
<msg time="2026-02-16T10:51:50.014037" level="INFO">POST Response : url=http://127.0.0.1:5000/api/v1/restaurants 
 status=201, reason=CREATED 
 headers={'Server': 'Werkzeug/3.1.5 Python/3.10.5', 'Date': 'Mon, 16 Feb 2026 05:21:50 GMT', 'Content-Type': 'application/json', 'Content-Length': '86', 'Connection': 'close'} 
 body={
  "approved": false,
  "id": 1,
  "location": "Vizag",
  "name": "AdminRest4HoMG"
}
 
 </msg>
<msg time="2026-02-16T10:51:50.014037" level="INFO">${rest} = &lt;Response [201]&gt;</msg>
<var>${rest}</var>
<arg>foodie</arg>
<arg>/api/v1/restaurants</arg>
<arg>json=${rest_body}</arg>
<arg>expected_status=anything</arg>
<doc>Sends a POST request on a previously created HTTP Session.</doc>
<status status="PASS" start="2026-02-16T10:51:50.007386" elapsed="0.006651"/>
</kw>
<kw name="Status Should Be" owner="RequestsLibrary">
<arg>201</arg>
<arg>${rest}</arg>
<doc>Fails if response status code is different than the expected.</doc>
<status status="PASS" start="2026-02-16T10:51:50.014037" elapsed="0.000999"/>
</kw>
<kw name="Set Variable" owner="BuiltIn">
<msg time="2026-02-16T10:51:50.016036" level="INFO">${rid} = 1</msg>
<var>${rid}</var>
<arg>${rest.json()}[id]</arg>
<doc>Returns the given values which can then be assigned to a variables.</doc>
<status status="PASS" start="2026-02-16T10:51:50.015036" elapsed="0.001000"/>
</kw>
<kw name="PUT On Session" owner="RequestsLibrary">
<msg time="2026-02-16T10:51:50.019121" level="INFO">PUT Request : url=http://127.0.0.1:5000/api/v1/admin/restaurants/1/approve 
 path_url=/api/v1/admin/restaurants/1/approve 
 headers={'User-Agent': 'python-requests/2.32.5', 'Accept-Encoding': 'gzip, deflate', 'Accept': '*/*', 'Connection': 'keep-alive', 'Content-Length': '0'} 
 body=None 
 </msg>
<msg time="2026-02-16T10:51:50.019121" level="INFO">PUT Response : url=http://127.0.0.1:5000/api/v1/admin/restaurants/1/approve 
 status=200, reason=OK 
 headers={'Server': 'Werkzeug/3.1.5 Python/3.10.5', 'Date': 'Mon, 16 Feb 2026 05:21:50 GMT', 'Content-Type': 'application/json', 'Content-Length': '39', 'Connection': 'close'} 
 body={
  "message": "Restaurant approved"
}
 
 </msg>
<msg time="2026-02-16T10:51:50.019121" level="INFO">${approve} = &lt;Response [200]&gt;</msg>
<var>${approve}</var>
<arg>foodie</arg>
<arg>/api/v1/admin/restaurants/${rid}/approve</arg>
<arg>expected_status=anything</arg>
<doc>Sends a PUT request on a previously created HTTP Session.</doc>
<status status="PASS" start="2026-02-16T10:51:50.016036" elapsed="0.003085"/>
</kw>
<kw name="Status Should Be" owner="RequestsLibrary">
<arg>200</arg>
<arg>${approve}</arg>
<doc>Fails if response status code is different than the expected.</doc>
<status status="PASS" start="2026-02-16T10:51:50.019121" elapsed="0.000000"/>
</kw>
<kw name="PUT On Session" owner="RequestsLibrary">
<msg time="2026-02-16T10:51:50.022685" level="INFO">PUT Request : url=http://127.0.0.1:5000/api/v1/admin/restaurants/1/disable 
 path_url=/api/v1/admin/restaurants/1/disable 
 headers={'User-Agent': 'python-requests/2.32.5', 'Accept-Encoding': 'gzip, deflate', 'Accept': '*/*', 'Connection': 'keep-alive', 'Content-Length': '0'} 
 body=None 
 </msg>
<msg time="2026-02-16T10:51:50.022685" level="INFO">PUT Response : url=http://127.0.0.1:5000/api/v1/admin/restaurants/1/disable 
 status=200, reason=OK 
 headers={'Server': 'Werkzeug/3.1.5 Python/3.10.5', 'Date': 'Mon, 16 Feb 2026 05:21:50 GMT', 'Content-Type': 'application/json', 'Content-Length': '39', 'Connection': 'close'} 
 body={
  "message": "Restaurant disabled"
}
 
 </msg>
<msg time="2026-02-16T10:51:50.023685" level="INFO">${disable} = &lt;Response [200]&gt;</msg>
<var>${disable}</var>
<arg>foodie</arg>
<arg>/api/v1/admin/restaurants/${rid}/disable</arg>
<arg>expected_status=anything</arg>
<doc>Sends a PUT request on a previously created HTTP Session.</doc>
<status status="PASS" start="2026-02-16T10:51:50.020129" elapsed="0.003556"/>
</kw>
<kw name="Status Should Be" owner="RequestsLibrary">
<arg>200</arg>
<arg>${disable}</arg>
<doc>Fails if response status code is different than the expected.</doc>
<status status="PASS" start="2026-02-16T10:51:50.023685" elapsed="0.000000"/>
</kw>
<kw name="GET On Session" owner="RequestsLibrary">
<msg time="2026-02-16T10:51:50.028195" level="INFO">GET Request : url=http://127.0.0.1:5000/api/v1/admin/feedback 
 path_url=/api/v1/admin/feedback 
 headers={'User-Agent': 'python-requests/2.32.5', 'Accept-Encoding': 'gzip, deflate', 'Accept': '*/*', 'Connection': 'keep-alive'} 
 body=None 
 </msg>
<msg time="2026-02-16T10:51:50.028195" level="INFO">GET Response : url=http://127.0.0.1:5000/api/v1/admin/feedback 
 status=200, reason=OK 
 headers={'Server': 'Werkzeug/3.1.5 Python/3.10.5', 'Date': 'Mon, 16 Feb 2026 05:21:50 GMT', 'Content-Type': 'application/json', 'Content-Length': '3', 'Connection': 'close'} 
 body=[]
 
 </msg>
<msg time="2026-02-16T10:51:50.028195" level="INFO">${feedback} = &lt;Response [200]&gt;</msg>
<var>${feedback}</var>
<arg>foodie</arg>
<arg>/api/v1/admin/feedback</arg>
<arg>expected_status=anything</arg>
<doc>Sends a GET request on a previously created HTTP Session.</doc>
<status status="PASS" start="2026-02-16T10:51:50.025190" elapsed="0.003005"/>
</kw>
<kw name="Status Should Be" owner="RequestsLibrary">
<arg>200</arg>
<arg>${feedback}</arg>
<doc>Fails if response status code is different than the expected.</doc>
<status status="PASS" start="2026-02-16T10:51:50.029453" elapsed="0.000000"/>
</kw>
<kw name="GET On Session" owner="RequestsLibrary">
<msg time="2026-02-16T10:51:50.032465" level="INFO">GET Request : url=http://127.0.0.1:5000/api/v1/admin/orders 
 path_url=/api/v1/admin/orders 
 headers={'User-Agent': 'python-requests/2.32.5', 'Accept-Encoding': 'gzip, deflate', 'Accept': '*/*', 'Connection': 'keep-alive'} 
 body=None 
 </msg>
<msg time="2026-02-16T10:51:50.032465" level="INFO">GET Response : url=http://127.0.0.1:5000/api/v1/admin/orders 
 status=200, reason=OK 
 headers={'Server': 'Werkzeug/3.1.5 Python/3.10.5', 'Date': 'Mon, 16 Feb 2026 05:21:50 GMT', 'Content-Type': 'application/json', 'Content-Length': '3', 'Connection': 'close'} 
 body=[]
 
 </msg>
<msg time="2026-02-16T10:51:50.032465" level="INFO">${orders} = &lt;Response [200]&gt;</msg>
<var>${orders}</var>
<arg>foodie</arg>
<arg>/api/v1/admin/orders</arg>
<arg>expected_status=anything</arg>
<doc>Sends a GET request on a previously created HTTP Session.</doc>
<status status="PASS" start="2026-02-16T10:51:50.029453" elapsed="0.003012"/>
</kw>
<kw name="Status Should Be" owner="RequestsLibrary">
<arg>200</arg>
<arg>${orders}</arg>
<doc>Fails if response status code is different than the expected.</doc>
<status status="PASS" start="2026-02-16T10:51:50.032465" elapsed="0.000000"/>
</kw>
<status status="PASS" start="2026-02-16T10:51:50.003284" elapsed="0.030237"/>
</test>
<status status="PASS" start="2026-02-16T10:51:49.918886" elapsed="0.115591"/>
</suite>
<suite id="s1-s2" name="Dish" source="C:\Users\91799\PycharmProjects\WIPRO 2026\FoodieApp\tests\robot\dish.robot">
<test id="s1-s2-t1" name="Add Update Disable Delete Dish" line="9">
<kw name="Create Session" owner="RequestsLibrary">
<msg time="2026-02-16T10:51:50.037997" level="INFO">Creating Session using : alias=foodie, url=http://127.0.0.1:5000, headers={},                     cookies={}, auth=None, timeout=None, proxies=None, verify=False,                     debug=0 </msg>
<arg>foodie</arg>
<arg>${BASE_URL}</arg>
<doc>Create Session: create a HTTP session to a server</doc>
<status status="PASS" start="2026-02-16T10:51:50.037997" elapsed="0.000000"/>
</kw>
<kw name="Generate Random String" owner="String">
<msg time="2026-02-16T10:51:50.037997" level="INFO">${rand} = 312MAr</msg>
<var>${rand}</var>
<arg>6</arg>
<doc>Generates a string with a desired ``length`` from the given ``chars``.</doc>
<status status="PASS" start="2026-02-16T10:51:50.037997" elapsed="0.000000"/>
</kw>
<kw name="Set Variable" owner="BuiltIn">
<msg time="2026-02-16T10:51:50.039608" level="INFO">${rname} = RobotRest312MAr</msg>
<var>${rname}</var>
<arg>RobotRest${rand}</arg>
<doc>Returns the given values which can then be assigned to a variables.</doc>
<status status="PASS" start="2026-02-16T10:51:50.037997" elapsed="0.001611"/>
</kw>
<kw name="Create Dictionary" owner="BuiltIn">
<msg time="2026-02-16T10:51:50.039608" level="INFO">${rest_body} = {'name': 'RobotRest312MAr', 'location': 'Vizag'}</msg>
<var>${rest_body}</var>
<arg>name=${rname}</arg>
<arg>location=Vizag</arg>
<doc>Creates and returns a dictionary based on the given ``items``.</doc>
<status status="PASS" start="2026-02-16T10:51:50.039608" elapsed="0.000000"/>
</kw>
<kw name="POST On Session" owner="RequestsLibrary">
<msg time="2026-02-16T10:51:50.044192" level="INFO">POST Request : url=http://127.0.0.1:5000/api/v1/restaurants 
 path_url=/api/v1/restaurants 
 headers={'User-Agent': 'python-requests/2.32.5', 'Accept-Encoding': 'gzip, deflate', 'Accept': '*/*', 'Connection': 'keep-alive', 'Content-Length': '48', 'Content-Type': 'application/json'} 
 body=b'{"name": "RobotRest312MAr", "location": "Vizag"}' 
 </msg>
<msg time="2026-02-16T10:51:50.045195" level="INFO">POST Response : url=http://127.0.0.1:5000/api/v1/restaurants 
 status=201, reason=CREATED 
 headers={'Server': 'Werkzeug/3.1.5 Python/3.10.5', 'Date': 'Mon, 16 Feb 2026 05:21:50 GMT', 'Content-Type': 'application/json', 'Content-Length': '87', 'Connection': 'close'} 
 body={
  "approved": false,
  "id": 2,
  "location": "Vizag",
  "name": "RobotRest312MAr"
}
 
 </msg>
<msg time="2026-02-16T10:51:50.045195" level="INFO">${rest} = &lt;Response [201]&gt;</msg>
<var>${rest}</var>
<arg>foodie</arg>
<arg>/api/v1/restaurants</arg>
<arg>json=${rest_body}</arg>
<arg>expected_status=anything</arg>
<doc>Sends a POST request on a previously created HTTP Session.</doc>
<status status="PASS" start="2026-02-16T10:51:50.039608" elapsed="0.005587"/>
</kw>
<kw name="Status Should Be" owner="RequestsLibrary">
<arg>201</arg>
<arg>${rest}</arg>
<doc>Fails if response status code is different than the expected.</doc>
<status status="PASS" start="2026-02-16T10:51:50.045195" elapsed="0.001011"/>
</kw>
<kw name="Set Variable" owner="BuiltIn">
<msg time="2026-02-16T10:51:50.046206" level="INFO">${rest_json} = {'approved': False, 'id': 2, 'location': 'Vizag', 'name': 'RobotRest312MAr'}</msg>
<var>${rest_json}</var>
<arg>${rest.json()}</arg>
<doc>Returns the given values which can then be assigned to a variables.</doc>
<status status="PASS" start="2026-02-16T10:51:50.046206" elapsed="0.000000"/>
</kw>
<kw name="Set Variable" owner="BuiltIn">
<msg time="2026-02-16T10:51:50.047218" level="INFO">${rid} = 2</msg>
<var>${rid}</var>
<arg>${rest_json['id']}</arg>
<doc>Returns the given values which can then be assigned to a variables.</doc>
<status status="PASS" start="2026-02-16T10:51:50.047218" elapsed="0.000000"/>
</kw>
<kw name="Create Dictionary" owner="BuiltIn">
<msg time="2026-02-16T10:51:50.048702" level="INFO">${dish_body} = {'name': 'RobotDish', 'price': '150'}</msg>
<var>${dish_body}</var>
<arg>name=RobotDish</arg>
<arg>price=150</arg>
<doc>Creates and returns a dictionary based on the given ``items``.</doc>
<status status="PASS" start="2026-02-16T10:51:50.048192" elapsed="0.000510"/>
</kw>
<kw name="POST On Session" owner="RequestsLibrary">
<msg time="2026-02-16T10:51:50.052853" level="INFO">POST Request : url=http://127.0.0.1:5000/api/v1/restaurants/2/dishes 
 path_url=/api/v1/restaurants/2/dishes 
 headers={'User-Agent': 'python-requests/2.32.5', 'Accept-Encoding': 'gzip, deflate', 'Accept': '*/*', 'Connection': 'keep-alive', 'Content-Length': '37', 'Content-Type': 'application/json'} 
 body=b'{"name": "RobotDish", "price": "150"}' 
 </msg>
<msg time="2026-02-16T10:51:50.052853" level="INFO">POST Response : url=http://127.0.0.1:5000/api/v1/restaurants/2/dishes 
 status=201, reason=CREATED 
 headers={'Server': 'Werkzeug/3.1.5 Python/3.10.5', 'Date': 'Mon, 16 Feb 2026 05:21:50 GMT', 'Content-Type': 'application/json', 'Content-Length': '77', 'Connection': 'close'} 
 body={
  "id": 1,
  "name": "RobotDish",
  "price": "150",
  "restaurant_id": 2
}
 
 </msg>
<msg time="2026-02-16T10:51:50.052853" level="INFO">${dish} = &lt;Response [201]&gt;</msg>
<var>${dish}</var>
<arg>foodie</arg>
<arg>/api/v1/restaurants/${rid}/dishes</arg>
<arg>json=${dish_body}</arg>
<arg>expected_status=anything</arg>
<doc>Sends a POST request on a previously created HTTP Session.</doc>
<status status="PASS" start="2026-02-16T10:51:50.049329" elapsed="0.003524"/>
</kw>
<kw name="Status Should Be" owner="RequestsLibrary">
<arg>201</arg>
<arg>${dish}</arg>
<doc>Fails if response status code is different than the expected.</doc>
<status status="PASS" start="2026-02-16T10:51:50.052853" elapsed="0.000000"/>
</kw>
<kw name="Set Variable" owner="BuiltIn">
<msg time="2026-02-16T10:51:50.053989" level="INFO">${dish_json} = {'id': 1, 'name': 'RobotDish', 'price': '150', 'restaurant_id': 2}</msg>
<var>${dish_json}</var>
<arg>${dish.json()}</arg>
<doc>Returns the given values which can then be assigned to a variables.</doc>
<status status="PASS" start="2026-02-16T10:51:50.053989" elapsed="0.000000"/>
</kw>
<kw name="Set Variable" owner="BuiltIn">
<msg time="2026-02-16T10:51:50.055109" level="INFO">${did} = 1</msg>
<var>${did}</var>
<arg>${dish_json['id']}</arg>
<doc>Returns the given values which can then be assigned to a variables.</doc>
<status status="PASS" start="2026-02-16T10:51:50.053989" elapsed="0.001120"/>
</kw>
<kw name="Create Dictionary" owner="BuiltIn">
<msg time="2026-02-16T10:51:50.055758" level="INFO">${upd_body} = {'price': '180'}</msg>
<var>${upd_body}</var>
<arg>price=180</arg>
<doc>Creates and returns a dictionary based on the given ``items``.</doc>
<status status="PASS" start="2026-02-16T10:51:50.055758" elapsed="0.000000"/>
</kw>
<kw name="PUT On Session" owner="RequestsLibrary">
<msg time="2026-02-16T10:51:50.061106" level="INFO">PUT Request : url=http://127.0.0.1:5000/api/v1/dishes/1 
 path_url=/api/v1/dishes/1 
 headers={'User-Agent': 'python-requests/2.32.5', 'Accept-Encoding': 'gzip, deflate', 'Accept': '*/*', 'Connection': 'keep-alive', 'Content-Length': '16', 'Content-Type': 'application/json'} 
 body=b'{"price": "180"}' 
 </msg>
<msg time="2026-02-16T10:51:50.061106" level="INFO">PUT Response : url=http://127.0.0.1:5000/api/v1/dishes/1 
 status=200, reason=OK 
 headers={'Server': 'Werkzeug/3.1.5 Python/3.10.5', 'Date': 'Mon, 16 Feb 2026 05:21:50 GMT', 'Content-Type': 'application/json', 'Content-Length': '77', 'Connection': 'close'} 
 body={
  "id": 1,
  "name": "RobotDish",
  "price": "180",
  "restaurant_id": 2
}
 
 </msg>
<msg time="2026-02-16T10:51:50.061106" level="INFO">${upd} = &lt;Response [200]&gt;</msg>
<var>${upd}</var>
<arg>foodie</arg>
<arg>/api/v1/dishes/${did}</arg>
<arg>json=${upd_body}</arg>
<arg>expected_status=anything</arg>
<doc>Sends a PUT request on a previously created HTTP Session.</doc>
<status status="PASS" start="2026-02-16T10:51:50.055758" elapsed="0.005348"/>
</kw>
<kw name="Status Should Be" owner="RequestsLibrary">
<arg>200</arg>
<arg>${upd}</arg>
<doc>Fails if response status code is different than the expected.</doc>
<status status="PASS" start="2026-02-16T10:51:50.061106" elapsed="0.000000"/>
</kw>
<kw name="Create Dictionary" owner="BuiltIn">
<msg time="2026-02-16T10:51:50.062113" level="INFO">${status_body} = {'enabled': 'False'}</msg>
<var>${status_body}</var>
<arg>enabled=False</arg>
<doc>Creates and returns a dictionary based on the given ``items``.</doc>
<status status="PASS" start="2026-02-16T10:51:50.062113" elapsed="0.000000"/>
</kw>
<kw name="PUT On Session" owner="RequestsLibrary">
<msg time="2026-02-16T10:51:50.065908" level="INFO">PUT Request : url=http://127.0.0.1:5000/api/v1/dishes/1/status 
 path_url=/api/v1/dishes/1/status 
 headers={'User-Agent': 'python-requests/2.32.5', 'Accept-Encoding': 'gzip, deflate', 'Accept': '*/*', 'Connection': 'keep-alive', 'Content-Length': '20', 'Content-Type': 'application/json'} 
 body=b'{"enabled": "False"}' 
 </msg>
<msg time="2026-02-16T10:51:50.065908" level="INFO">PUT Response : url=http://127.0.0.1:5000/api/v1/dishes/1/status 
 status=200, reason=OK 
 headers={'Server': 'Werkzeug/3.1.5 Python/3.10.5', 'Date': 'Mon, 16 Feb 2026 05:21:50 GMT', 'Content-Type': 'application/json', 'Content-Length': '99', 'Connection': 'close'} 
 body={
  "enabled": "False",
  "id": 1,
  "name": "RobotDish",
  "price": "180",
  "restaurant_id": 2
}
 
 </msg>
<msg time="2026-02-16T10:51:50.065908" level="INFO">${dis} = &lt;Response [200]&gt;</msg>
<var>${dis}</var>
<arg>foodie</arg>
<arg>/api/v1/dishes/${did}/status</arg>
<arg>json=${status_body}</arg>
<arg>expected_status=anything</arg>
<doc>Sends a PUT request on a previously created HTTP Session.</doc>
<status status="PASS" start="2026-02-16T10:51:50.063123" elapsed="0.002785"/>
</kw>
<kw name="Status Should Be" owner="RequestsLibrary">
<arg>200</arg>
<arg>${dis}</arg>
<doc>Fails if response status code is different than the expected.</doc>
<status status="PASS" start="2026-02-16T10:51:50.065908" elapsed="0.001060"/>
</kw>
<kw name="DELETE On Session" owner="RequestsLibrary">
<msg time="2026-02-16T10:51:50.070045" level="INFO">DELETE Request : url=http://127.0.0.1:5000/api/v1/dishes/1 
 path_url=/api/v1/dishes/1 
 headers={'User-Agent': 'python-requests/2.32.5', 'Accept-Encoding': 'gzip, deflate', 'Accept': '*/*', 'Connection': 'keep-alive', 'Content-Length': '0'} 
 body=None 
 </msg>
<msg time="2026-02-16T10:51:50.070045" level="INFO">DELETE Response : url=http://127.0.0.1:5000/api/v1/dishes/1 
 status=200, reason=OK 
 headers={'Server': 'Werkzeug/3.1.5 Python/3.10.5', 'Date': 'Mon, 16 Feb 2026 05:21:50 GMT', 'Content-Type': 'application/json', 'Content-Length': '32', 'Connection': 'close'} 
 body={
  "message": "Dish deleted"
}
 
 </msg>
<msg time="2026-02-16T10:51:50.070045" level="INFO">${del} = &lt;Response [200]&gt;</msg>
<var>${del}</var>
<arg>foodie</arg>
<arg>/api/v1/dishes/${did}</arg>
<arg>expected_status=anything</arg>
<doc>Sends a DELETE request on a previously created HTTP Session.</doc>
<status status="PASS" start="2026-02-16T10:51:50.066968" elapsed="0.003077"/>
</kw>
<kw name="Status Should Be" owner="RequestsLibrary">
<arg>200</arg>
<arg>${del}</arg>
<doc>Fails if response status code is different than the expected.</doc>
<status status="PASS" start="2026-02-16T10:51:50.071049" elapsed="0.000000"/>
</kw>
<status status="PASS" start="2026-02-16T10:51:50.036485" elapsed="0.035099"/>
</test>
<status status="PASS" start="2026-02-16T10:51:50.035472" elapsed="0.036112"/>
</suite>
<suite id="s1-s3" name="Foodie App" source="C:\Users\91799\PycharmProjects\WIPRO 2026\FoodieApp\tests\robot\foodie_app.robot">
<test id="s1-s3-t1" name="Full Foodie App Flow" line="9">
<kw name="Create Session" owner="RequestsLibrary">
<msg time="2026-02-16T10:51:50.075583" level="INFO">Creating Session using : alias=foodie, url=http://127.0.0.1:5000, headers={},                     cookies={}, auth=None, timeout=None, proxies=None, verify=False,                     debug=0 </msg>
<arg>foodie</arg>
<arg>${BASE_URL}</arg>
<doc>Create Session: create a HTTP session to a server</doc>
<status status="PASS" start="2026-02-16T10:51:50.075583" elapsed="0.000000"/>
</kw>
<kw name="Generate Random String" owner="String">
<msg time="2026-02-16T10:51:50.076580" level="INFO">${rand} = Ndqqq</msg>
<var>${rand}</var>
<arg>5</arg>
<doc>Generates a string with a desired ``length`` from the given ``chars``.</doc>
<status status="PASS" start="2026-02-16T10:51:50.076580" elapsed="0.000000"/>
</kw>
<kw name="Set Variable" owner="BuiltIn">
<msg time="2026-02-16T10:51:50.077193" level="INFO">${rname} = RestNdqqq</msg>
<var>${rname}</var>
<arg>Rest${rand}</arg>
<doc>Returns the given values which can then be assigned to a variables.</doc>
<status status="PASS" start="2026-02-16T10:51:50.077193" elapsed="0.000000"/>
</kw>
<kw name="Create Dictionary" owner="BuiltIn">
<msg time="2026-02-16T10:51:50.078248" level="INFO">${rest_body} = {'name': 'RestNdqqq', 'location': 'Vizag'}</msg>
<var>${rest_body}</var>
<arg>name=${rname}</arg>
<arg>location=Vizag</arg>
<doc>Creates and returns a dictionary based on the given ``items``.</doc>
<status status="PASS" start="2026-02-16T10:51:50.077193" elapsed="0.001055"/>
</kw>
<kw name="POST On Session" owner="RequestsLibrary">
<msg time="2026-02-16T10:51:50.081496" level="INFO">POST Request : url=http://127.0.0.1:5000/api/v1/restaurants 
 path_url=/api/v1/restaurants 
 headers={'User-Agent': 'python-requests/2.32.5', 'Accept-Encoding': 'gzip, deflate', 'Accept': '*/*', 'Connection': 'keep-alive', 'Content-Length': '42', 'Content-Type': 'application/json'} 
 body=b'{"name": "RestNdqqq", "location": "Vizag"}' 
 </msg>
<msg time="2026-02-16T10:51:50.081496" level="INFO">POST Response : url=http://127.0.0.1:5000/api/v1/restaurants 
 status=201, reason=CREATED 
 headers={'Server': 'Werkzeug/3.1.5 Python/3.10.5', 'Date': 'Mon, 16 Feb 2026 05:21:50 GMT', 'Content-Type': 'application/json', 'Content-Length': '81', 'Connection': 'close'} 
 body={
  "approved": false,
  "id": 3,
  "location": "Vizag",
  "name": "RestNdqqq"
}
 
 </msg>
<msg time="2026-02-16T10:51:50.081496" level="INFO">${rest} = &lt;Response [201]&gt;</msg>
<var>${rest}</var>
<arg>foodie</arg>
<arg>/api/v1/restaurants</arg>
<arg>json=${rest_body}</arg>
<arg>expected_status=anything</arg>
<doc>Sends a POST request on a previously created HTTP Session.</doc>
<status status="PASS" start="2026-02-16T10:51:50.078248" elapsed="0.003248"/>
</kw>
<kw name="Status Should Be" owner="RequestsLibrary">
<arg>201</arg>
<arg>${rest}</arg>
<doc>Fails if response status code is different than the expected.</doc>
<status status="PASS" start="2026-02-16T10:51:50.081496" elapsed="0.000000"/>
</kw>
<kw name="Set Variable" owner="BuiltIn">
<msg time="2026-02-16T10:51:50.082490" level="INFO">${rid} = 3</msg>
<var>${rid}</var>
<arg>${rest.json()}[id]</arg>
<doc>Returns the given values which can then be assigned to a variables.</doc>
<status status="PASS" start="2026-02-16T10:51:50.082490" elapsed="0.000000"/>
</kw>
<kw name="GET On Session" owner="RequestsLibrary">
<msg time="2026-02-16T10:51:50.086535" level="INFO">GET Request : url=http://127.0.0.1:5000/api/v1/restaurants/3 
 path_url=/api/v1/restaurants/3 
 headers={'User-Agent': 'python-requests/2.32.5', 'Accept-Encoding': 'gzip, deflate', 'Accept': '*/*', 'Connection': 'keep-alive'} 
 body=None 
 </msg>
<msg time="2026-02-16T10:51:50.086535" level="INFO">GET Response : url=http://127.0.0.1:5000/api/v1/restaurants/3 
 status=200, reason=OK 
 headers={'Server': 'Werkzeug/3.1.5 Python/3.10.5', 'Date': 'Mon, 16 Feb 2026 05:21:50 GMT', 'Content-Type': 'application/json', 'Content-Length': '81', 'Connection': 'close'} 
 body={
  "approved": false,
  "id": 3,
  "location": "Vizag",
  "name": "RestNdqqq"
}
 
 </msg>
<msg time="2026-02-16T10:51:50.086535" level="INFO">${view} = &lt;Response [200]&gt;</msg>
<var>${view}</var>
<arg>foodie</arg>
<arg>/api/v1/restaurants/${rid}</arg>
<arg>expected_status=anything</arg>
<doc>Sends a GET request on a previously created HTTP Session.</doc>
<status status="PASS" start="2026-02-16T10:51:50.082490" elapsed="0.004045"/>
</kw>
<kw name="Status Should Be" owner="RequestsLibrary">
<arg>200</arg>
<arg>${view}</arg>
<doc>Fails if response status code is different than the expected.</doc>
<status status="PASS" start="2026-02-16T10:51:50.086535" elapsed="0.000000"/>
</kw>
<kw name="Create Dictionary" owner="BuiltIn">
<msg time="2026-02-16T10:51:50.088092" level="INFO">${dish_body} = {'name': 'Biryani', 'price': '250'}</msg>
<var>${dish_body}</var>
<arg>name=Biryani</arg>
<arg>price=250</arg>
<doc>Creates and returns a dictionary based on the given ``items``.</doc>
<status status="PASS" start="2026-02-16T10:51:50.086535" elapsed="0.001557"/>
</kw>
<kw name="POST On Session" owner="RequestsLibrary">
<msg time="2026-02-16T10:51:50.092192" level="INFO">POST Request : url=http://127.0.0.1:5000/api/v1/restaurants/3/dishes 
 path_url=/api/v1/restaurants/3/dishes 
 headers={'User-Agent': 'python-requests/2.32.5', 'Accept-Encoding': 'gzip, deflate', 'Accept': '*/*', 'Connection': 'keep-alive', 'Content-Length': '35', 'Content-Type': 'application/json'} 
 body=b'{"name": "Biryani", "price": "250"}' 
 </msg>
<msg time="2026-02-16T10:51:50.092192" level="INFO">POST Response : url=http://127.0.0.1:5000/api/v1/restaurants/3/dishes 
 status=201, reason=CREATED 
 headers={'Server': 'Werkzeug/3.1.5 Python/3.10.5', 'Date': 'Mon, 16 Feb 2026 05:21:50 GMT', 'Content-Type': 'application/json', 'Content-Length': '75', 'Connection': 'close'} 
 body={
  "id": 2,
  "name": "Biryani",
  "price": "250",
  "restaurant_id": 3
}
 
 </msg>
<msg time="2026-02-16T10:51:50.093170" level="INFO">${dish} = &lt;Response [201]&gt;</msg>
<var>${dish}</var>
<arg>foodie</arg>
<arg>/api/v1/restaurants/${rid}/dishes</arg>
<arg>json=${dish_body}</arg>
<arg>expected_status=anything</arg>
<doc>Sends a POST request on a previously created HTTP Session.</doc>
<status status="PASS" start="2026-02-16T10:51:50.088092" elapsed="0.005078"/>
</kw>
<kw name="Status Should Be" owner="RequestsLibrary">
<arg>201</arg>
<arg>${dish}</arg>
<doc>Fails if response status code is different than the expected.</doc>
<status status="PASS" start="2026-02-16T10:51:50.093170" elapsed="0.000999"/>
</kw>
<kw name="Set Variable" owner="BuiltIn">
<msg time="2026-02-16T10:51:50.094169" level="INFO">${did} = 2</msg>
<var>${did}</var>
<arg>${dish.json()}[id]</arg>
<doc>Returns the given values which can then be assigned to a variables.</doc>
<status status="PASS" start="2026-02-16T10:51:50.094169" elapsed="0.001031"/>
</kw>
<kw name="Create Dictionary" owner="BuiltIn">
<msg time="2026-02-16T10:51:50.095200" level="INFO">${upd_body} = {'price': '300'}</msg>
<var>${upd_body}</var>
<arg>price=300</arg>
<doc>Creates and returns a dictionary based on the given ``items``.</doc>
<status status="PASS" start="2026-02-16T10:51:50.095200" elapsed="0.000000"/>
</kw>
<kw name="PUT On Session" owner="RequestsLibrary">
<msg time="2026-02-16T10:51:50.098984" level="INFO">PUT Request : url=http://127.0.0.1:5000/api/v1/dishes/2 
 path_url=/api/v1/dishes/2 
 headers={'User-Agent': 'python-requests/2.32.5', 'Accept-Encoding': 'gzip, deflate', 'Accept': '*/*', 'Connection': 'keep-alive', 'Content-Length': '16', 'Content-Type': 'application/json'} 
 body=b'{"price": "300"}' 
 </msg>
<msg time="2026-02-16T10:51:50.098984" level="INFO">PUT Response : url=http://127.0.0.1:5000/api/v1/dishes/2 
 status=200, reason=OK 
 headers={'Server': 'Werkzeug/3.1.5 Python/3.10.5', 'Date': 'Mon, 16 Feb 2026 05:21:50 GMT', 'Content-Type': 'application/json', 'Content-Length': '75', 'Connection': 'close'} 
 body={
  "id": 2,
  "name": "Biryani",
  "price": "300",
  "restaurant_id": 3
}
 
 </msg>
<msg time="2026-02-16T10:51:50.098984" level="INFO">${upd} = &lt;Response [200]&gt;</msg>
<var>${upd}</var>
<arg>foodie</arg>
<arg>/api/v1/dishes/${did}</arg>
<arg>json=${upd_body}</arg>
<arg>expected_status=anything</arg>
<doc>Sends a PUT request on a previously created HTTP Session.</doc>
<status status="PASS" start="2026-02-16T10:51:50.095998" elapsed="0.002986"/>
</kw>
<kw name="Status Should Be" owner="RequestsLibrary">
<arg>200</arg>
<arg>${upd}</arg>
<doc>Fails if response status code is different than the expected.</doc>
<status status="PASS" start="2026-02-16T10:51:50.099490" elapsed="0.000000"/>
</kw>
<kw name="Create Dictionary" owner="BuiltIn">
<msg time="2026-02-16T10:51:50.100545" level="INFO">${status_body} = {'enabled': 'False'}</msg>
<var>${status_body}</var>
<arg>enabled=False</arg>
<doc>Creates and returns a dictionary based on the given ``items``.</doc>
<status status="PASS" start="2026-02-16T10:51:50.099490" elapsed="0.001055"/>
</kw>
<kw name="PUT On Session" owner="RequestsLibrary">
<msg time="2026-02-16T10:51:50.104060" level="INFO">PUT Request : url=http://127.0.0.1:5000/api/v1/dishes/2/status 
 path_url=/api/v1/dishes/2/status 
 headers={'User-Agent': 'python-requests/2.32.5', 'Accept-Encoding': 'gzip, deflate', 'Accept': '*/*', 'Connection': 'keep-alive', 'Content-Length': '20', 'Content-Type': 'application/json'} 
 body=b'{"enabled": "False"}' 
 </msg>
<msg time="2026-02-16T10:51:50.104060" level="INFO">PUT Response : url=http://127.0.0.1:5000/api/v1/dishes/2/status 
 status=200, reason=OK 
 headers={'Server': 'Werkzeug/3.1.5 Python/3.10.5', 'Date': 'Mon, 16 Feb 2026 05:21:50 GMT', 'Content-Type': 'application/json', 'Content-Length': '97', 'Connection': 'close'} 
 body={
  "enabled": "False",
  "id": 2,
  "name": "Biryani",
  "price": "300",
  "restaurant_id": 3
}
 
 </msg>
<msg time="2026-02-16T10:51:50.104060" level="INFO">${dis} = &lt;Response [200]&gt;</msg>
<var>${dis}</var>
<arg>foodie</arg>
<arg>/api/v1/dishes/${did}/status</arg>
<arg>json=${status_body}</arg>
<arg>expected_status=anything</arg>
<doc>Sends a PUT request on a previously created HTTP Session.</doc>
<status status="PASS" start="2026-02-16T10:51:50.101054" elapsed="0.003006"/>
</kw>
<kw name="Status Should Be" owner="RequestsLibrary">
<arg>200</arg>
<arg>${dis}</arg>
<doc>Fails if response status code is different than the expected.</doc>
<status status="PASS" start="2026-02-16T10:51:50.104060" elapsed="0.000000"/>
</kw>
<kw name="PUT On Session" owner="RequestsLibrary">
<msg time="2026-02-16T10:51:50.109080" level="INFO">PUT Request : url=http://127.0.0.1:5000/api/v1/admin/restaurants/3/approve 
 path_url=/api/v1/admin/restaurants/3/approve 
 headers={'User-Agent': 'python-requests/2.32.5', 'Accept-Encoding': 'gzip, deflate', 'Accept': '*/*', 'Connection': 'keep-alive', 'Content-Length': '0'} 
 body=None 
 </msg>
<msg time="2026-02-16T10:51:50.109080" level="INFO">PUT Response : url=http://127.0.0.1:5000/api/v1/admin/restaurants/3/approve 
 status=200, reason=OK 
 headers={'Server': 'Werkzeug/3.1.5 Python/3.10.5', 'Date': 'Mon, 16 Feb 2026 05:21:50 GMT', 'Content-Type': 'application/json', 'Content-Length': '39', 'Connection': 'close'} 
 body={
  "message": "Restaurant approved"
}
 
 </msg>
<msg time="2026-02-16T10:51:50.109080" level="INFO">${approve} = &lt;Response [200]&gt;</msg>
<var>${approve}</var>
<arg>foodie</arg>
<arg>/api/v1/admin/restaurants/${rid}/approve</arg>
<arg>expected_status=anything</arg>
<doc>Sends a PUT request on a previously created HTTP Session.</doc>
<status status="PASS" start="2026-02-16T10:51:50.105564" elapsed="0.003516"/>
</kw>
<kw name="Status Should Be" owner="RequestsLibrary">
<arg>200</arg>
<arg>${approve}</arg>
<doc>Fails if response status code is different than the expected.</doc>
<status status="PASS" start="2026-02-16T10:51:50.109080" elapsed="0.001510"/>
</kw>
<kw name="PUT On Session" owner="RequestsLibrary">
<msg time="2026-02-16T10:51:50.113381" level="INFO">PUT Request : url=http://127.0.0.1:5000/api/v1/admin/restaurants/3/disable 
 path_url=/api/v1/admin/restaurants/3/disable 
 headers={'User-Agent': 'python-requests/2.32.5', 'Accept-Encoding': 'gzip, deflate', 'Accept': '*/*', 'Connection': 'keep-alive', 'Content-Length': '0'} 
 body=None 
 </msg>
<msg time="2026-02-16T10:51:50.113381" level="INFO">PUT Response : url=http://127.0.0.1:5000/api/v1/admin/restaurants/3/disable 
 status=200, reason=OK 
 headers={'Server': 'Werkzeug/3.1.5 Python/3.10.5', 'Date': 'Mon, 16 Feb 2026 05:21:50 GMT', 'Content-Type': 'application/json', 'Content-Length': '39', 'Connection': 'close'} 
 body={
  "message": "Restaurant disabled"
}
 
 </msg>
<msg time="2026-02-16T10:51:50.113381" level="INFO">${adm_disable} = &lt;Response [200]&gt;</msg>
<var>${adm_disable}</var>
<arg>foodie</arg>
<arg>/api/v1/admin/restaurants/${rid}/disable</arg>
<arg>expected_status=anything</arg>
<doc>Sends a PUT request on a previously created HTTP Session.</doc>
<status status="PASS" start="2026-02-16T10:51:50.110590" elapsed="0.002791"/>
</kw>
<kw name="Status Should Be" owner="RequestsLibrary">
<arg>200</arg>
<arg>${adm_disable}</arg>
<doc>Fails if response status code is different than the expected.</doc>
<status status="PASS" start="2026-02-16T10:51:50.113381" elapsed="0.000000"/>
</kw>
<kw name="GET On Session" owner="RequestsLibrary">
<msg time="2026-02-16T10:51:50.116380" level="INFO">GET Request : url=http://127.0.0.1:5000/api/v1/admin/feedback 
 path_url=/api/v1/admin/feedback 
 headers={'User-Agent': 'python-requests/2.32.5', 'Accept-Encoding': 'gzip, deflate', 'Accept': '*/*', 'Connection': 'keep-alive'} 
 body=None 
 </msg>
<msg time="2026-02-16T10:51:50.116380" level="INFO">GET Response : url=http://127.0.0.1:5000/api/v1/admin/feedback 
 status=200, reason=OK 
 headers={'Server': 'Werkzeug/3.1.5 Python/3.10.5', 'Date': 'Mon, 16 Feb 2026 05:21:50 GMT', 'Content-Type': 'application/json', 'Content-Length': '3', 'Connection': 'close'} 
 body=[]
 
 </msg>
<msg time="2026-02-16T10:51:50.116380" level="INFO">${feedback} = &lt;Response [200]&gt;</msg>
<var>${feedback}</var>
<arg>foodie</arg>
<arg>/api/v1/admin/feedback</arg>
<arg>expected_status=anything</arg>
<doc>Sends a GET request on a previously created HTTP Session.</doc>
<status status="PASS" start="2026-02-16T10:51:50.113381" elapsed="0.002999"/>
</kw>
<kw name="Status Should Be" owner="RequestsLibrary">
<arg>200</arg>
<arg>${feedback}</arg>
<doc>Fails if response status code is different than the expected.</doc>
<status status="PASS" start="2026-02-16T10:51:50.117889" elapsed="0.000000"/>
</kw>
<kw name="GET On Session" owner="RequestsLibrary">
<msg time="2026-02-16T10:51:50.121427" level="INFO">GET Request : url=http://127.0.0.1:5000/api/v1/admin/orders 
 path_url=/api/v1/admin/orders 
 headers={'User-Agent': 'python-requests/2.32.5', 'Accept-Encoding': 'gzip, deflate', 'Accept': '*/*', 'Connection': 'keep-alive'} 
 body=None 
 </msg>
<msg time="2026-02-16T10:51:50.121427" level="INFO">GET Response : url=http://127.0.0.1:5000/api/v1/admin/orders 
 status=200, reason=OK 
 headers={'Server': 'Werkzeug/3.1.5 Python/3.10.5', 'Date': 'Mon, 16 Feb 2026 05:21:50 GMT', 'Content-Type': 'application/json', 'Content-Length': '3', 'Connection': 'close'} 
 body=[]
 
 </msg>
<msg time="2026-02-16T10:51:50.121427" level="INFO">${orders_admin} = &lt;Response [200]&gt;</msg>
<var>${orders_admin}</var>
<arg>foodie</arg>
<arg>/api/v1/admin/orders</arg>
<arg>expected_status=anything</arg>
<doc>Sends a GET request on a previously created HTTP Session.</doc>
<status status="PASS" start="2026-02-16T10:51:50.117889" elapsed="0.003538"/>
</kw>
<kw name="Status Should Be" owner="RequestsLibrary">
<arg>200</arg>
<arg>${orders_admin}</arg>
<doc>Fails if response status code is different than the expected.</doc>
<status status="PASS" start="2026-02-16T10:51:50.121427" elapsed="0.000000"/>
</kw>
<kw name="Set Variable" owner="BuiltIn">
<msg time="2026-02-16T10:51:50.122649" level="INFO">${email} = userNdqqq@test.com</msg>
<var>${email}</var>
<arg>user${rand}@test.com</arg>
<doc>Returns the given values which can then be assigned to a variables.</doc>
<status status="PASS" start="2026-02-16T10:51:50.122649" elapsed="0.000000"/>
</kw>
<kw name="Create Dictionary" owner="BuiltIn">
<msg time="2026-02-16T10:51:50.123652" level="INFO">${user_body} = {'name': 'RobotUser', 'email': 'userNdqqq@test.com', 'password': '1234'}</msg>
<var>${user_body}</var>
<arg>name=RobotUser</arg>
<arg>email=${email}</arg>
<arg>password=1234</arg>
<doc>Creates and returns a dictionary based on the given ``items``.</doc>
<status status="PASS" start="2026-02-16T10:51:50.122649" elapsed="0.001003"/>
</kw>
<kw name="POST On Session" owner="RequestsLibrary">
<msg time="2026-02-16T10:51:50.126961" level="INFO">POST Request : url=http://127.0.0.1:5000/api/v1/users/register 
 path_url=/api/v1/users/register 
 headers={'User-Agent': 'python-requests/2.32.5', 'Accept-Encoding': 'gzip, deflate', 'Accept': '*/*', 'Connection': 'keep-alive', 'Content-Length': '72', 'Content-Type': 'application/json'} 
 body=b'{"name": "RobotUser", "email": "userNdqqq@test.com", "password": "1234"}' 
 </msg>
<msg time="2026-02-16T10:51:50.126961" level="INFO">POST Response : url=http://127.0.0.1:5000/api/v1/users/register 
 status=201, reason=CREATED 
 headers={'Server': 'Werkzeug/3.1.5 Python/3.10.5', 'Date': 'Mon, 16 Feb 2026 05:21:50 GMT', 'Content-Type': 'application/json', 'Content-Length': '92', 'Connection': 'close'} 
 body={
  "email": "userNdqqq@test.com",
  "id": 1,
  "name": "RobotUser",
  "password": "1234"
}
 
 </msg>
<msg time="2026-02-16T10:51:50.126961" level="INFO">${user} = &lt;Response [201]&gt;</msg>
<var>${user}</var>
<arg>foodie</arg>
<arg>/api/v1/users/register</arg>
<arg>json=${user_body}</arg>
<arg>expected_status=anything</arg>
<doc>Sends a POST request on a previously created HTTP Session.</doc>
<status status="PASS" start="2026-02-16T10:51:50.123652" elapsed="0.003309"/>
</kw>
<kw name="Status Should Be" owner="RequestsLibrary">
<arg>201</arg>
<arg>${user}</arg>
<doc>Fails if response status code is different than the expected.</doc>
<status status="PASS" start="2026-02-16T10:51:50.127965" elapsed="0.000000"/>
</kw>
<kw name="Set Variable" owner="BuiltIn">
<msg time="2026-02-16T10:51:50.128971" level="INFO">${uid} = 1</msg>
<var>${uid}</var>
<arg>${user.json()}[id]</arg>
<doc>Returns the given values which can then be assigned to a variables.</doc>
<status status="PASS" start="2026-02-16T10:51:50.127965" elapsed="0.001006"/>
</kw>
<kw name="Create Dictionary" owner="BuiltIn">
<msg time="2026-02-16T10:51:50.129475" level="INFO">${params} = {'name': '', 'location': '', 'dish': '', 'rating': ''}</msg>
<var>${params}</var>
<arg>name=</arg>
<arg>location=</arg>
<arg>dish=</arg>
<arg>rating=</arg>
<doc>Creates and returns a dictionary based on the given ``items``.</doc>
<status status="PASS" start="2026-02-16T10:51:50.129475" elapsed="0.000000"/>
</kw>
<kw name="GET On Session" owner="RequestsLibrary">
<msg time="2026-02-16T10:51:50.133898" level="INFO">GET Request : url=http://127.0.0.1:5000/api/v1/restaurants/search?name=&amp;location=&amp;dish=&amp;rating= 
 path_url=/api/v1/restaurants/search?name=&amp;location=&amp;dish=&amp;rating= 
 headers={'User-Agent': 'python-requests/2.32.5', 'Accept-Encoding': 'gzip, deflate', 'Accept': '*/*', 'Connection': 'keep-alive'} 
 body=None 
 </msg>
<msg time="2026-02-16T10:51:50.133898" level="INFO">GET Response : url=http://127.0.0.1:5000/api/v1/restaurants/search?name=&amp;location=&amp;dish=&amp;rating= 
 status=200, reason=OK 
 headers={'Server': 'Werkzeug/3.1.5 Python/3.10.5', 'Date': 'Mon, 16 Feb 2026 05:21:50 GMT', 'Content-Type': 'application/json', 'Content-Length': '296', 'Connection': 'close'} 
 body=[
  {
    "approved": false,
    "id": 1,
    "location": "Vizag",
    "name": "AdminRest4HoMG"
  },
  {
    "approved": false,
    "id": 2,
    "location": "Vizag",
    "name": "RobotRest312MAr"
  },
  {
    "approved": false,
    "id": 3,
    "location": "Vizag",
    "name": "RestNdqqq"
  }
]
 
 </msg>
<msg time="2026-02-16T10:51:50.133898" level="INFO">${search} = &lt;Response [200]&gt;</msg>
<var>${search}</var>
<arg>foodie</arg>
<arg>/api/v1/restaurants/search</arg>
<arg>params=${params}</arg>
<arg>expected_status=anything</arg>
<doc>Sends a GET request on a previously created HTTP Session.</doc>
<status status="PASS" start="2026-02-16T10:51:50.129475" elapsed="0.004423"/>
</kw>
<kw name="Status Should Be" owner="RequestsLibrary">
<arg>200</arg>
<arg>${search}</arg>
<doc>Fails if response status code is different than the expected.</doc>
<status status="PASS" start="2026-02-16T10:51:50.133898" elapsed="0.001015"/>
</kw>
<kw name="Create List" owner="BuiltIn">
<msg time="2026-02-16T10:51:50.135421" level="INFO">${dish_list} = [2]</msg>
<var>${dish_list}</var>
<arg>${did}</arg>
<doc>Returns a list containing given items.</doc>
<status status="PASS" start="2026-02-16T10:51:50.134913" elapsed="0.000508"/>
</kw>
<kw name="Create Dictionary" owner="BuiltIn">
<msg time="2026-02-16T10:51:50.135421" level="INFO">${order_body} = {'user_id': 1, 'restaurant_id': 3, 'dishes': [2]}</msg>
<var>${order_body}</var>
<arg>user_id=${uid}</arg>
<arg>restaurant_id=${rid}</arg>
<arg>dishes=${dish_list}</arg>
<doc>Creates and returns a dictionary based on the given ``items``.</doc>
<status status="PASS" start="2026-02-16T10:51:50.135421" elapsed="0.000000"/>
</kw>
<kw name="POST On Session" owner="RequestsLibrary">
<msg time="2026-02-16T10:51:50.138427" level="INFO">POST Request : url=http://127.0.0.1:5000/api/v1/orders 
 path_url=/api/v1/orders 
 headers={'User-Agent': 'python-requests/2.32.5', 'Accept-Encoding': 'gzip, deflate', 'Accept': '*/*', 'Connection': 'keep-alive', 'Content-Length': '49', 'Content-Type': 'application/json'} 
 body=b'{"user_id": 1, "restaurant_id": 3, "dishes": [2]}' 
 </msg>
<msg time="2026-02-16T10:51:50.138427" level="INFO">POST Response : url=http://127.0.0.1:5000/api/v1/orders 
 status=201, reason=CREATED 
 headers={'Server': 'Werkzeug/3.1.5 Python/3.10.5', 'Date': 'Mon, 16 Feb 2026 05:21:50 GMT', 'Content-Type': 'application/json', 'Content-Length': '77', 'Connection': 'close'} 
 body={
  "dishes": [
    2
  ],
  "id": 1,
  "restaurant_id": 3,
  "user_id": 1
}
 
 </msg>
<msg time="2026-02-16T10:51:50.138427" level="INFO">${order} = &lt;Response [201]&gt;</msg>
<var>${order}</var>
<arg>foodie</arg>
<arg>/api/v1/orders</arg>
<arg>json=${order_body}</arg>
<arg>expected_status=anything</arg>
<doc>Sends a POST request on a previously created HTTP Session.</doc>
<status status="PASS" start="2026-02-16T10:51:50.136427" elapsed="0.002000"/>
</kw>
<kw name="Status Should Be" owner="RequestsLibrary">
<arg>201</arg>
<arg>${order}</arg>
<doc>Fails if response status code is different than the expected.</doc>
<status status="PASS" start="2026-02-16T10:51:50.139882" elapsed="0.000000"/>
</kw>
<kw name="Set Variable" owner="BuiltIn">
<msg time="2026-02-16T10:51:50.141393" level="INFO">${oid} = 1</msg>
<var>${oid}</var>
<arg>${order.json()}[id]</arg>
<doc>Returns the given values which can then be assigned to a variables.</doc>
<status status="PASS" start="2026-02-16T10:51:50.140387" elapsed="0.001006"/>
</kw>
<kw name="Create Dictionary" owner="BuiltIn">
<msg time="2026-02-16T10:51:50.141393" level="INFO">${rate_body} = {'order_id': 1, 'rating': '5', 'comment': 'Nice'}</msg>
<var>${rate_body}</var>
<arg>order_id=${oid}</arg>
<arg>rating=5</arg>
<arg>comment=Nice</arg>
<doc>Creates and returns a dictionary based on the given ``items``.</doc>
<status status="PASS" start="2026-02-16T10:51:50.141393" elapsed="0.000000"/>
</kw>
<kw name="POST On Session" owner="RequestsLibrary">
<msg time="2026-02-16T10:51:50.144394" level="INFO">POST Request : url=http://127.0.0.1:5000/api/v1/ratings 
 path_url=/api/v1/ratings 
 headers={'User-Agent': 'python-requests/2.32.5', 'Accept-Encoding': 'gzip, deflate', 'Accept': '*/*', 'Connection': 'keep-alive', 'Content-Length': '49', 'Content-Type': 'application/json'} 
 body=b'{"order_id": 1, "rating": "5", "comment": "Nice"}' 
 </msg>
<msg time="2026-02-16T10:51:50.145486" level="INFO">POST Response : url=http://127.0.0.1:5000/api/v1/ratings 
 status=201, reason=CREATED 
 headers={'Server': 'Werkzeug/3.1.5 Python/3.10.5', 'Date': 'Mon, 16 Feb 2026 05:21:50 GMT', 'Content-Type': 'application/json', 'Content-Length': '69', 'Connection': 'close'} 
 body={
  "comment": "Nice",
  "id": 1,
  "order_id": 1,
  "rating": "5"
}
 
 </msg>
<msg time="2026-02-16T10:51:50.145486" level="INFO">${rate} = &lt;Response [201]&gt;</msg>
<var>${rate}</var>
<arg>foodie</arg>
<arg>/api/v1/ratings</arg>
<arg>json=${rate_body}</arg>
<arg>expected_status=anything</arg>
<doc>Sends a POST request on a previously created HTTP Session.</doc>
<status status="PASS" start="2026-02-16T10:51:50.142393" elapsed="0.003093"/>
</kw>
<kw name="Status Should Be" owner="RequestsLibrary">
<arg>201</arg>
<arg>${rate}</arg>
<doc>Fails if response status code is different than the expected.</doc>
<status status="PASS" start="2026-02-16T10:51:50.145486" elapsed="0.000000"/>
</kw>
<kw name="GET On Session" owner="RequestsLibrary">
<msg time="2026-02-16T10:51:50.147907" level="INFO">GET Request : url=http://127.0.0.1:5000/api/v1/restaurants/3/orders 
 path_url=/api/v1/restaurants/3/orders 
 headers={'User-Agent': 'python-requests/2.32.5', 'Accept-Encoding': 'gzip, deflate', 'Accept': '*/*', 'Connection': 'keep-alive'} 
 body=None 
 </msg>
<msg time="2026-02-16T10:51:50.147907" level="INFO">GET Response : url=http://127.0.0.1:5000/api/v1/restaurants/3/orders 
 status=200, reason=OK 
 headers={'Server': 'Werkzeug/3.1.5 Python/3.10.5', 'Date': 'Mon, 16 Feb 2026 05:21:50 GMT', 'Content-Type': 'application/json', 'Content-Length': '97', 'Connection': 'close'} 
 body=[
  {
    "dishes": [
      2
    ],
    "id": 1,
    "restaurant_id": 3,
    "user_id": 1
  }
]
 
 </msg>
<msg time="2026-02-16T10:51:50.147907" level="INFO">${rview} = &lt;Response [200]&gt;</msg>
<var>${rview}</var>
<arg>foodie</arg>
<arg>/api/v1/restaurants/${rid}/orders</arg>
<arg>expected_status=anything</arg>
<doc>Sends a GET request on a previously created HTTP Session.</doc>
<status status="PASS" start="2026-02-16T10:51:50.145486" elapsed="0.002421"/>
</kw>
<kw name="Status Should Be" owner="RequestsLibrary">
<arg>200</arg>
<arg>${rview}</arg>
<doc>Fails if response status code is different than the expected.</doc>
<status status="PASS" start="2026-02-16T10:51:50.147907" elapsed="0.001708"/>
</kw>
<kw name="GET On Session" owner="RequestsLibrary">
<msg time="2026-02-16T10:51:50.153191" level="INFO">GET Request : url=http://127.0.0.1:5000/api/v1/users/1/orders 
 path_url=/api/v1/users/1/orders 
 headers={'User-Agent': 'python-requests/2.32.5', 'Accept-Encoding': 'gzip, deflate', 'Accept': '*/*', 'Connection': 'keep-alive'} 
 body=None 
 </msg>
<msg time="2026-02-16T10:51:50.153191" level="INFO">GET Response : url=http://127.0.0.1:5000/api/v1/users/1/orders 
 status=200, reason=OK 
 headers={'Server': 'Werkzeug/3.1.5 Python/3.10.5', 'Date': 'Mon, 16 Feb 2026 05:21:50 GMT', 'Content-Type': 'application/json', 'Content-Length': '97', 'Connection': 'close'} 
 body=[
  {
    "dishes": [
      2
    ],
    "id": 1,
    "restaurant_id": 3,
    "user_id": 1
  }
]
 
 </msg>
<msg time="2026-02-16T10:51:50.153191" level="INFO">${uview} = &lt;Response [200]&gt;</msg>
<var>${uview}</var>
<arg>foodie</arg>
<arg>/api/v1/users/${uid}/orders</arg>
<arg>expected_status=anything</arg>
<doc>Sends a GET request on a previously created HTTP Session.</doc>
<status status="PASS" start="2026-02-16T10:51:50.149615" elapsed="0.003576"/>
</kw>
<kw name="Status Should Be" owner="RequestsLibrary">
<arg>200</arg>
<arg>${uview}</arg>
<doc>Fails if response status code is different than the expected.</doc>
<status status="PASS" start="2026-02-16T10:51:50.153191" elapsed="0.000000"/>
</kw>
<kw name="DELETE On Session" owner="RequestsLibrary">
<msg time="2026-02-16T10:51:50.157192" level="INFO">DELETE Request : url=http://127.0.0.1:5000/api/v1/dishes/2 
 path_url=/api/v1/dishes/2 
 headers={'User-Agent': 'python-requests/2.32.5', 'Accept-Encoding': 'gzip, deflate', 'Accept': '*/*', 'Connection': 'keep-alive', 'Content-Length': '0'} 
 body=None 
 </msg>
<msg time="2026-02-16T10:51:50.157192" level="INFO">DELETE Response : url=http://127.0.0.1:5000/api/v1/dishes/2 
 status=200, reason=OK 
 headers={'Server': 'Werkzeug/3.1.5 Python/3.10.5', 'Date': 'Mon, 16 Feb 2026 05:21:50 GMT', 'Content-Type': 'application/json', 'Content-Length': '32', 'Connection': 'close'} 
 body={
  "message": "Dish deleted"
}
 
 </msg>
<msg time="2026-02-16T10:51:50.157192" level="INFO">${del} = &lt;Response [200]&gt;</msg>
<var>${del}</var>
<arg>foodie</arg>
<arg>/api/v1/dishes/${did}</arg>
<arg>expected_status=anything</arg>
<doc>Sends a DELETE request on a previously created HTTP Session.</doc>
<status status="PASS" start="2026-02-16T10:51:50.154190" elapsed="0.003002"/>
</kw>
<kw name="Status Should Be" owner="RequestsLibrary">
<arg>200</arg>
<arg>${del}</arg>
<doc>Fails if response status code is different than the expected.</doc>
<status status="PASS" start="2026-02-16T10:51:50.157192" elapsed="0.001001"/>
</kw>
<status status="PASS" start="2026-02-16T10:51:50.075583" elapsed="0.083115"/>
</test>
<status status="PASS" start="2026-02-16T10:51:50.072584" elapsed="0.086114"/>
</suite>
<suite id="s1-s4" name="Order" source="C:\Users\91799\PycharmProjects\WIPRO 2026\FoodieApp\tests\robot\order.robot">
<test id="s1-s4-t1" name="View Orders Flow" line="9">
<kw name="Create Session" owner="RequestsLibrary">
<msg time="2026-02-16T10:51:50.163221" level="INFO">Creating Session using : alias=foodie, url=http://127.0.0.1:5000, headers={},                     cookies={}, auth=None, timeout=None, proxies=None, verify=False,                     debug=0 </msg>
<arg>foodie</arg>
<arg>${BASE_URL}</arg>
<doc>Create Session: create a HTTP session to a server</doc>
<status status="PASS" start="2026-02-16T10:51:50.162220" elapsed="0.001001"/>
</kw>
<kw name="Generate Random String" owner="String">
<msg time="2026-02-16T10:51:50.163221" level="INFO">${rand} = d2Qny</msg>
<var>${rand}</var>
<arg>5</arg>
<doc>Generates a string with a desired ``length`` from the given ``chars``.</doc>
<status status="PASS" start="2026-02-16T10:51:50.163221" elapsed="0.000000"/>
</kw>
<kw name="Set Variable" owner="BuiltIn">
<msg time="2026-02-16T10:51:50.164218" level="INFO">${email} = userd2Qny@test.com</msg>
<var>${email}</var>
<arg>user${rand}@test.com</arg>
<doc>Returns the given values which can then be assigned to a variables.</doc>
<status status="PASS" start="2026-02-16T10:51:50.164218" elapsed="0.000000"/>
</kw>
<kw name="Create Dictionary" owner="BuiltIn">
<msg time="2026-02-16T10:51:50.164218" level="INFO">${user_body} = {'name': 'RobotUser', 'email': 'userd2Qny@test.com', 'password': '1234'}</msg>
<var>${user_body}</var>
<arg>name=RobotUser</arg>
<arg>email=${email}</arg>
<arg>password=1234</arg>
<doc>Creates and returns a dictionary based on the given ``items``.</doc>
<status status="PASS" start="2026-02-16T10:51:50.164218" elapsed="0.000000"/>
</kw>
<kw name="POST On Session" owner="RequestsLibrary">
<msg time="2026-02-16T10:51:50.168268" level="INFO">POST Request : url=http://127.0.0.1:5000/api/v1/users/register 
 path_url=/api/v1/users/register 
 headers={'User-Agent': 'python-requests/2.32.5', 'Accept-Encoding': 'gzip, deflate', 'Accept': '*/*', 'Connection': 'keep-alive', 'Content-Length': '72', 'Content-Type': 'application/json'} 
 body=b'{"name": "RobotUser", "email": "userd2Qny@test.com", "password": "1234"}' 
 </msg>
<msg time="2026-02-16T10:51:50.168268" level="INFO">POST Response : url=http://127.0.0.1:5000/api/v1/users/register 
 status=201, reason=CREATED 
 headers={'Server': 'Werkzeug/3.1.5 Python/3.10.5', 'Date': 'Mon, 16 Feb 2026 05:21:50 GMT', 'Content-Type': 'application/json', 'Content-Length': '92', 'Connection': 'close'} 
 body={
  "email": "userd2Qny@test.com",
  "id": 2,
  "name": "RobotUser",
  "password": "1234"
}
 
 </msg>
<msg time="2026-02-16T10:51:50.168268" level="INFO">${user} = &lt;Response [201]&gt;</msg>
<var>${user}</var>
<arg>foodie</arg>
<arg>/api/v1/users/register</arg>
<arg>json=${user_body}</arg>
<arg>expected_status=anything</arg>
<doc>Sends a POST request on a previously created HTTP Session.</doc>
<status status="PASS" start="2026-02-16T10:51:50.165220" elapsed="0.003048"/>
</kw>
<kw name="Set Variable" owner="BuiltIn">
<msg time="2026-02-16T10:51:50.169578" level="INFO">${uid} = 2</msg>
<var>${uid}</var>
<arg>${user.json()}[id]</arg>
<doc>Returns the given values which can then be assigned to a variables.</doc>
<status status="PASS" start="2026-02-16T10:51:50.168268" elapsed="0.001310"/>
</kw>
<kw name="Create Dictionary" owner="BuiltIn">
<msg time="2026-02-16T10:51:50.169578" level="INFO">${rest_body} = {'name': 'RobotRestd2Qny', 'location': 'Vizag'}</msg>
<var>${rest_body}</var>
<arg>name=RobotRest${rand}</arg>
<arg>location=Vizag</arg>
<doc>Creates and returns a dictionary based on the given ``items``.</doc>
<status status="PASS" start="2026-02-16T10:51:50.169578" elapsed="0.000000"/>
</kw>
<kw name="POST On Session" owner="RequestsLibrary">
<msg time="2026-02-16T10:51:50.173172" level="INFO">POST Request : url=http://127.0.0.1:5000/api/v1/restaurants 
 path_url=/api/v1/restaurants 
 headers={'User-Agent': 'python-requests/2.32.5', 'Accept-Encoding': 'gzip, deflate', 'Accept': '*/*', 'Connection': 'keep-alive', 'Content-Length': '47', 'Content-Type': 'application/json'} 
 body=b'{"name": "RobotRestd2Qny", "location": "Vizag"}' 
 </msg>
<msg time="2026-02-16T10:51:50.173172" level="INFO">POST Response : url=http://127.0.0.1:5000/api/v1/restaurants 
 status=201, reason=CREATED 
 headers={'Server': 'Werkzeug/3.1.5 Python/3.10.5', 'Date': 'Mon, 16 Feb 2026 05:21:50 GMT', 'Content-Type': 'application/json', 'Content-Length': '86', 'Connection': 'close'} 
 body={
  "approved": false,
  "id": 4,
  "location": "Vizag",
  "name": "RobotRestd2Qny"
}
 
 </msg>
<msg time="2026-02-16T10:51:50.173172" level="INFO">${rest} = &lt;Response [201]&gt;</msg>
<var>${rest}</var>
<arg>foodie</arg>
<arg>/api/v1/restaurants</arg>
<arg>json=${rest_body}</arg>
<arg>expected_status=anything</arg>
<doc>Sends a POST request on a previously created HTTP Session.</doc>
<status status="PASS" start="2026-02-16T10:51:50.169578" elapsed="0.003594"/>
</kw>
<kw name="Set Variable" owner="BuiltIn">
<msg time="2026-02-16T10:51:50.175182" level="INFO">${rid} = 4</msg>
<var>${rid}</var>
<arg>${rest.json()}[id]</arg>
<doc>Returns the given values which can then be assigned to a variables.</doc>
<status status="PASS" start="2026-02-16T10:51:50.174175" elapsed="0.001007"/>
</kw>
<kw name="Create Dictionary" owner="BuiltIn">
<msg time="2026-02-16T10:51:50.175182" level="INFO">${dish_body} = {'name': 'RobotDish', 'price': '200'}</msg>
<var>${dish_body}</var>
<arg>name=RobotDish</arg>
<arg>price=200</arg>
<doc>Creates and returns a dictionary based on the given ``items``.</doc>
<status status="PASS" start="2026-02-16T10:51:50.175182" elapsed="0.000000"/>
</kw>
<kw name="POST On Session" owner="RequestsLibrary">
<msg time="2026-02-16T10:51:50.179256" level="INFO">POST Request : url=http://127.0.0.1:5000/api/v1/restaurants/4/dishes 
 path_url=/api/v1/restaurants/4/dishes 
 headers={'User-Agent': 'python-requests/2.32.5', 'Accept-Encoding': 'gzip, deflate', 'Accept': '*/*', 'Connection': 'keep-alive', 'Content-Length': '37', 'Content-Type': 'application/json'} 
 body=b'{"name": "RobotDish", "price": "200"}' 
 </msg>
<msg time="2026-02-16T10:51:50.179256" level="INFO">POST Response : url=http://127.0.0.1:5000/api/v1/restaurants/4/dishes 
 status=201, reason=CREATED 
 headers={'Server': 'Werkzeug/3.1.5 Python/3.10.5', 'Date': 'Mon, 16 Feb 2026 05:21:50 GMT', 'Content-Type': 'application/json', 'Content-Length': '77', 'Connection': 'close'} 
 body={
  "id": 3,
  "name": "RobotDish",
  "price": "200",
  "restaurant_id": 4
}
 
 </msg>
<msg time="2026-02-16T10:51:50.179256" level="INFO">${dish} = &lt;Response [201]&gt;</msg>
<var>${dish}</var>
<arg>foodie</arg>
<arg>/api/v1/restaurants/${rid}/dishes</arg>
<arg>json=${dish_body}</arg>
<arg>expected_status=anything</arg>
<doc>Sends a POST request on a previously created HTTP Session.</doc>
<status status="PASS" start="2026-02-16T10:51:50.175182" elapsed="0.004074"/>
</kw>
<kw name="Set Variable" owner="BuiltIn">
<msg time="2026-02-16T10:51:50.180317" level="INFO">${did} = 3</msg>
<var>${did}</var>
<arg>${dish.json()}[id]</arg>
<doc>Returns the given values which can then be assigned to a variables.</doc>
<status status="PASS" start="2026-02-16T10:51:50.179256" elapsed="0.001061"/>
</kw>
<kw name="Create Dictionary" owner="BuiltIn">
<msg time="2026-02-16T10:51:50.181313" level="INFO">${order_body} = {'user_id': 2, 'restaurant_id': 4, 'dishes': 3}</msg>
<var>${order_body}</var>
<arg>user_id=${uid}</arg>
<arg>restaurant_id=${rid}</arg>
<arg>dishes=${did}</arg>
<doc>Creates and returns a dictionary based on the given ``items``.</doc>
<status status="PASS" start="2026-02-16T10:51:50.180317" elapsed="0.000996"/>
</kw>
<kw name="POST On Session" owner="RequestsLibrary">
<msg time="2026-02-16T10:51:50.183826" level="INFO">POST Request : url=http://127.0.0.1:5000/api/v1/orders 
 path_url=/api/v1/orders 
 headers={'User-Agent': 'python-requests/2.32.5', 'Accept-Encoding': 'gzip, deflate', 'Accept': '*/*', 'Connection': 'keep-alive', 'Content-Length': '47', 'Content-Type': 'application/json'} 
 body=b'{"user_id": 2, "restaurant_id": 4, "dishes": 3}' 
 </msg>
<msg time="2026-02-16T10:51:50.183826" level="INFO">POST Response : url=http://127.0.0.1:5000/api/v1/orders 
 status=201, reason=CREATED 
 headers={'Server': 'Werkzeug/3.1.5 Python/3.10.5', 'Date': 'Mon, 16 Feb 2026 05:21:50 GMT', 'Content-Type': 'application/json', 'Content-Length': '67', 'Connection': 'close'} 
 body={
  "dishes": 3,
  "id": 2,
  "restaurant_id": 4,
  "user_id": 2
}
 
 </msg>
<msg time="2026-02-16T10:51:50.183826" level="INFO">${order} = &lt;Response [201]&gt;</msg>
<var>${order}</var>
<arg>foodie</arg>
<arg>/api/v1/orders</arg>
<arg>json=${order_body}</arg>
<arg>expected_status=anything</arg>
<doc>Sends a POST request on a previously created HTTP Session.</doc>
<status status="PASS" start="2026-02-16T10:51:50.181819" elapsed="0.002007"/>
</kw>
<kw name="Status Should Be" owner="RequestsLibrary">
<arg>201</arg>
<arg>${order}</arg>
<doc>Fails if response status code is different than the expected.</doc>
<status status="PASS" start="2026-02-16T10:51:50.185332" elapsed="0.000000"/>
</kw>
<kw name="GET On Session" owner="RequestsLibrary">
<msg time="2026-02-16T10:51:50.187845" level="INFO">GET Request : url=http://127.0.0.1:5000/api/v1/restaurants/4/orders 
 path_url=/api/v1/restaurants/4/orders 
 headers={'User-Agent': 'python-requests/2.32.5', 'Accept-Encoding': 'gzip, deflate', 'Accept': '*/*', 'Connection': 'keep-alive'} 
 body=None 
 </msg>
<msg time="2026-02-16T10:51:50.187845" level="INFO">GET Response : url=http://127.0.0.1:5000/api/v1/restaurants/4/orders 
 status=200, reason=OK 
 headers={'Server': 'Werkzeug/3.1.5 Python/3.10.5', 'Date': 'Mon, 16 Feb 2026 05:21:50 GMT', 'Content-Type': 'application/json', 'Content-Length': '83', 'Connection': 'close'} 
 body=[
  {
    "dishes": 3,
    "id": 2,
    "restaurant_id": 4,
    "user_id": 2
  }
]
 
 </msg>
<msg time="2026-02-16T10:51:50.187845" level="INFO">${rview} = &lt;Response [200]&gt;</msg>
<var>${rview}</var>
<arg>foodie</arg>
<arg>/api/v1/restaurants/${rid}/orders</arg>
<arg>expected_status=anything</arg>
<doc>Sends a GET request on a previously created HTTP Session.</doc>
<status status="PASS" start="2026-02-16T10:51:50.186339" elapsed="0.001506"/>
</kw>
<kw name="Status Should Be" owner="RequestsLibrary">
<arg>200</arg>
<arg>${rview}</arg>
<doc>Fails if response status code is different than the expected.</doc>
<status status="PASS" start="2026-02-16T10:51:50.189378" elapsed="0.000000"/>
</kw>
<kw name="GET On Session" owner="RequestsLibrary">
<msg time="2026-02-16T10:51:50.192414" level="INFO">GET Request : url=http://127.0.0.1:5000/api/v1/users/2/orders 
 path_url=/api/v1/users/2/orders 
 headers={'User-Agent': 'python-requests/2.32.5', 'Accept-Encoding': 'gzip, deflate', 'Accept': '*/*', 'Connection': 'keep-alive'} 
 body=None 
 </msg>
<msg time="2026-02-16T10:51:50.192414" level="INFO">GET Response : url=http://127.0.0.1:5000/api/v1/users/2/orders 
 status=200, reason=OK 
 headers={'Server': 'Werkzeug/3.1.5 Python/3.10.5', 'Date': 'Mon, 16 Feb 2026 05:21:50 GMT', 'Content-Type': 'application/json', 'Content-Length': '83', 'Connection': 'close'} 
 body=[
  {
    "dishes": 3,
    "id": 2,
    "restaurant_id": 4,
    "user_id": 2
  }
]
 
 </msg>
<msg time="2026-02-16T10:51:50.192414" level="INFO">${uview} = &lt;Response [200]&gt;</msg>
<var>${uview}</var>
<arg>foodie</arg>
<arg>/api/v1/users/${uid}/orders</arg>
<arg>expected_status=anything</arg>
<doc>Sends a GET request on a previously created HTTP Session.</doc>
<status status="PASS" start="2026-02-16T10:51:50.189378" elapsed="0.003036"/>
</kw>
<kw name="Status Should Be" owner="RequestsLibrary">
<arg>200</arg>
<arg>${uview}</arg>
<doc>Fails if response status code is different than the expected.</doc>
<status status="PASS" start="2026-02-16T10:51:50.193404" elapsed="0.000000"/>
</kw>
<status status="PASS" start="2026-02-16T10:51:50.162220" elapsed="0.031184"/>
</test>
<status status="PASS" start="2026-02-16T10:51:50.159744" elapsed="0.034646"/>
</suite>
<suite id="s1-s5" name="Restaurant" source="C:\Users\91799\PycharmProjects\WIPRO 2026\FoodieApp\tests\robot\restaurant.robot">
<test id="s1-s5-t1" name="Add Restaurant" line="8">
<kw name="Create Session" owner="RequestsLibrary">
<msg time="2026-02-16T10:51:50.199517" level="INFO">Creating Session using : alias=foodie, url=http://127.0.0.1:5000, headers={},                     cookies={}, auth=None, timeout=None, proxies=None, verify=False,                     debug=0 </msg>
<arg>foodie</arg>
<arg>${BASE_URL}</arg>
<doc>Create Session: create a HTTP session to a server</doc>
<status status="PASS" start="2026-02-16T10:51:50.199517" elapsed="0.000000"/>
</kw>
<kw name="Create Dictionary" owner="BuiltIn">
<msg time="2026-02-16T10:51:50.199517" level="INFO">${body} = {'name': 'Robot Food', 'location': 'Vizag'}</msg>
<var>${body}</var>
<arg>name=Robot Food</arg>
<arg>location=Vizag</arg>
<doc>Creates and returns a dictionary based on the given ``items``.</doc>
<status status="PASS" start="2026-02-16T10:51:50.199517" elapsed="0.000000"/>
</kw>
<kw name="POST On Session" owner="RequestsLibrary">
<msg time="2026-02-16T10:51:50.204143" level="INFO">POST Request : url=http://127.0.0.1:5000/api/v1/restaurants 
 path_url=/api/v1/restaurants 
 headers={'User-Agent': 'python-requests/2.32.5', 'Accept-Encoding': 'gzip, deflate', 'Accept': '*/*', 'Connection': 'keep-alive', 'Content-Length': '43', 'Content-Type': 'application/json'} 
 body=b'{"name": "Robot Food", "location": "Vizag"}' 
 </msg>
<msg time="2026-02-16T10:51:50.204143" level="INFO">POST Response : url=http://127.0.0.1:5000/api/v1/restaurants 
 status=201, reason=CREATED 
 headers={'Server': 'Werkzeug/3.1.5 Python/3.10.5', 'Date': 'Mon, 16 Feb 2026 05:21:50 GMT', 'Content-Type': 'application/json', 'Content-Length': '82', 'Connection': 'close'} 
 body={
  "approved": false,
  "id": 5,
  "location": "Vizag",
  "name": "Robot Food"
}
 
 </msg>
<msg time="2026-02-16T10:51:50.205127" level="INFO">${response} = &lt;Response [201]&gt;</msg>
<var>${response}</var>
<arg>foodie</arg>
<arg>/api/v1/restaurants</arg>
<arg>json=${body}</arg>
<arg>expected_status=anything</arg>
<doc>Sends a POST request on a previously created HTTP Session.</doc>
<status status="PASS" start="2026-02-16T10:51:50.201114" elapsed="0.004013"/>
</kw>
<kw name="Status Should Be" owner="RequestsLibrary">
<arg>201</arg>
<arg>${response}</arg>
<doc>Fails if response status code is different than the expected.</doc>
<status status="PASS" start="2026-02-16T10:51:50.205127" elapsed="0.000000"/>
</kw>
<status status="PASS" start="2026-02-16T10:51:50.197920" elapsed="0.008204"/>
</test>
<test id="s1-s5-t2" name="Duplicate Restaurant" line="16">
<kw name="Create Dictionary" owner="BuiltIn">
<msg time="2026-02-16T10:51:50.207122" level="INFO">${body} = {'name': 'Robot Food', 'location': 'Vizag'}</msg>
<var>${body}</var>
<arg>name=Robot Food</arg>
<arg>location=Vizag</arg>
<doc>Creates and returns a dictionary based on the given ``items``.</doc>
<status status="PASS" start="2026-02-16T10:51:50.207122" elapsed="0.000000"/>
</kw>
<kw name="POST On Session" owner="RequestsLibrary">
<msg time="2026-02-16T10:51:50.212844" level="INFO">POST Request : url=http://127.0.0.1:5000/api/v1/restaurants 
 path_url=/api/v1/restaurants 
 headers={'User-Agent': 'python-requests/2.32.5', 'Accept-Encoding': 'gzip, deflate', 'Accept': '*/*', 'Connection': 'keep-alive', 'Content-Length': '43', 'Content-Type': 'application/json'} 
 body=b'{"name": "Robot Food", "location": "Vizag"}' 
 </msg>
<msg time="2026-02-16T10:51:50.212844" level="INFO">POST Response : url=http://127.0.0.1:5000/api/v1/restaurants 
 status=409, reason=CONFLICT 
 headers={'Server': 'Werkzeug/3.1.5 Python/3.10.5', 'Date': 'Mon, 16 Feb 2026 05:21:50 GMT', 'Content-Type': 'application/json', 'Content-Length': '43', 'Connection': 'close'} 
 body={
  "error": "Restaurant already exists"
}
 
 </msg>
<msg time="2026-02-16T10:51:50.212844" level="INFO">${response} = &lt;Response [409]&gt;</msg>
<var>${response}</var>
<arg>foodie</arg>
<arg>/api/v1/restaurants</arg>
<arg>json=${body}</arg>
<arg>expected_status=anything</arg>
<doc>Sends a POST request on a previously created HTTP Session.</doc>
<status status="PASS" start="2026-02-16T10:51:50.208122" elapsed="0.004722"/>
</kw>
<kw name="Status Should Be" owner="RequestsLibrary">
<arg>409</arg>
<arg>${response}</arg>
<doc>Fails if response status code is different than the expected.</doc>
<status status="PASS" start="2026-02-16T10:51:50.212844" elapsed="0.000994"/>
</kw>
<status status="PASS" start="2026-02-16T10:51:50.206124" elapsed="0.007714"/>
</test>
<status status="PASS" start="2026-02-16T10:51:50.195388" elapsed="0.019459"/>
</suite>
<suite id="s1-s6" name="User" source="C:\Users\91799\PycharmProjects\WIPRO 2026\FoodieApp\tests\robot\user.robot">
<test id="s1-s6-t1" name="User Module Full Flow" line="9">
<kw name="Create Session" owner="RequestsLibrary">
<msg time="2026-02-16T10:51:50.222489" level="INFO">Creating Session using : alias=foodie, url=http://127.0.0.1:5000, headers={},                     cookies={}, auth=None, timeout=None, proxies=None, verify=False,                     debug=0 </msg>
<arg>foodie</arg>
<arg>${BASE_URL}</arg>
<doc>Create Session: create a HTTP session to a server</doc>
<status status="PASS" start="2026-02-16T10:51:50.221438" elapsed="0.001051"/>
</kw>
<kw name="Generate Random String" owner="String">
<msg time="2026-02-16T10:51:50.223484" level="INFO">${rand} = J5XPw</msg>
<var>${rand}</var>
<arg>5</arg>
<doc>Generates a string with a desired ``length`` from the given ``chars``.</doc>
<status status="PASS" start="2026-02-16T10:51:50.223484" elapsed="0.000000"/>
</kw>
<kw name="Set Variable" owner="BuiltIn">
<msg time="2026-02-16T10:51:50.224398" level="INFO">${email} = userJ5XPw@test.com</msg>
<var>${email}</var>
<arg>user${rand}@test.com</arg>
<doc>Returns the given values which can then be assigned to a variables.</doc>
<status status="PASS" start="2026-02-16T10:51:50.224398" elapsed="0.000990"/>
</kw>
<kw name="Create Dictionary" owner="BuiltIn">
<msg time="2026-02-16T10:51:50.226389" level="INFO">${user_body} = {'name': 'RobotUser', 'email': 'userJ5XPw@test.com', 'password': '1234'}</msg>
<var>${user_body}</var>
<arg>name=RobotUser</arg>
<arg>email=${email}</arg>
<arg>password=1234</arg>
<doc>Creates and returns a dictionary based on the given ``items``.</doc>
<status status="PASS" start="2026-02-16T10:51:50.225388" elapsed="0.001001"/>
</kw>
<kw name="POST On Session" owner="RequestsLibrary">
<msg time="2026-02-16T10:51:50.231175" level="INFO">POST Request : url=http://127.0.0.1:5000/api/v1/users/register 
 path_url=/api/v1/users/register 
 headers={'User-Agent': 'python-requests/2.32.5', 'Accept-Encoding': 'gzip, deflate', 'Accept': '*/*', 'Connection': 'keep-alive', 'Content-Length': '72', 'Content-Type': 'application/json'} 
 body=b'{"name": "RobotUser", "email": "userJ5XPw@test.com", "password": "1234"}' 
 </msg>
<msg time="2026-02-16T10:51:50.231175" level="INFO">POST Response : url=http://127.0.0.1:5000/api/v1/users/register 
 status=201, reason=CREATED 
 headers={'Server': 'Werkzeug/3.1.5 Python/3.10.5', 'Date': 'Mon, 16 Feb 2026 05:21:50 GMT', 'Content-Type': 'application/json', 'Content-Length': '92', 'Connection': 'close'} 
 body={
  "email": "userJ5XPw@test.com",
  "id": 3,
  "name": "RobotUser",
  "password": "1234"
}
 
 </msg>
<msg time="2026-02-16T10:51:50.231175" level="INFO">${user} = &lt;Response [201]&gt;</msg>
<var>${user}</var>
<arg>foodie</arg>
<arg>/api/v1/users/register</arg>
<arg>json=${user_body}</arg>
<arg>expected_status=anything</arg>
<doc>Sends a POST request on a previously created HTTP Session.</doc>
<status status="PASS" start="2026-02-16T10:51:50.226389" elapsed="0.004786"/>
</kw>
<kw name="Status Should Be" owner="RequestsLibrary">
<arg>201</arg>
<arg>${user}</arg>
<doc>Fails if response status code is different than the expected.</doc>
<status status="PASS" start="2026-02-16T10:51:50.232184" elapsed="0.000999"/>
</kw>
<kw name="Set Variable" owner="BuiltIn">
<msg time="2026-02-16T10:51:50.234193" level="INFO">${uid} = 3</msg>
<var>${uid}</var>
<arg>${user.json()}[id]</arg>
<doc>Returns the given values which can then be assigned to a variables.</doc>
<status status="PASS" start="2026-02-16T10:51:50.233183" elapsed="0.001010"/>
</kw>
<kw name="Set Variable" owner="BuiltIn">
<msg time="2026-02-16T10:51:50.234193" level="INFO">${rname} = RestJ5XPw</msg>
<var>${rname}</var>
<arg>Rest${rand}</arg>
<doc>Returns the given values which can then be assigned to a variables.</doc>
<status status="PASS" start="2026-02-16T10:51:50.234193" elapsed="0.000000"/>
</kw>
<kw name="Create Dictionary" owner="BuiltIn">
<msg time="2026-02-16T10:51:50.235289" level="INFO">${rest_body} = {'name': 'RestJ5XPw', 'location': 'Vizag'}</msg>
<var>${rest_body}</var>
<arg>name=${rname}</arg>
<arg>location=Vizag</arg>
<doc>Creates and returns a dictionary based on the given ``items``.</doc>
<status status="PASS" start="2026-02-16T10:51:50.235289" elapsed="0.000000"/>
</kw>
<kw name="POST On Session" owner="RequestsLibrary">
<msg time="2026-02-16T10:51:50.240279" level="INFO">POST Request : url=http://127.0.0.1:5000/api/v1/restaurants 
 path_url=/api/v1/restaurants 
 headers={'User-Agent': 'python-requests/2.32.5', 'Accept-Encoding': 'gzip, deflate', 'Accept': '*/*', 'Connection': 'keep-alive', 'Content-Length': '42', 'Content-Type': 'application/json'} 
 body=b'{"name": "RestJ5XPw", "location": "Vizag"}' 
 </msg>
<msg time="2026-02-16T10:51:50.240279" level="INFO">POST Response : url=http://127.0.0.1:5000/api/v1/restaurants 
 status=201, reason=CREATED 
 headers={'Server': 'Werkzeug/3.1.5 Python/3.10.5', 'Date': 'Mon, 16 Feb 2026 05:21:50 GMT', 'Content-Type': 'application/json', 'Content-Length': '81', 'Connection': 'close'} 
 body={
  "approved": false,
  "id": 6,
  "location": "Vizag",
  "name": "RestJ5XPw"
}
 
 </msg>
<msg time="2026-02-16T10:51:50.240279" level="INFO">${rest} = &lt;Response [201]&gt;</msg>
<var>${rest}</var>
<arg>foodie</arg>
<arg>/api/v1/restaurants</arg>
<arg>json=${rest_body}</arg>
<arg>expected_status=anything</arg>
<doc>Sends a POST request on a previously created HTTP Session.</doc>
<status status="PASS" start="2026-02-16T10:51:50.236481" elapsed="0.003798"/>
</kw>
<kw name="Set Variable" owner="BuiltIn">
<msg time="2026-02-16T10:51:50.242314" level="INFO">${rid} = 6</msg>
<var>${rid}</var>
<arg>${rest.json()}[id]</arg>
<doc>Returns the given values which can then be assigned to a variables.</doc>
<status status="PASS" start="2026-02-16T10:51:50.241286" elapsed="0.001028"/>
</kw>
<kw name="Create Dictionary" owner="BuiltIn">
<msg time="2026-02-16T10:51:50.243286" level="INFO">${dish_body} = {'name': 'RobotDish', 'price': '200'}</msg>
<var>${dish_body}</var>
<arg>name=RobotDish</arg>
<arg>price=200</arg>
<doc>Creates and returns a dictionary based on the given ``items``.</doc>
<status status="PASS" start="2026-02-16T10:51:50.243286" elapsed="0.000000"/>
</kw>
<kw name="POST On Session" owner="RequestsLibrary">
<msg time="2026-02-16T10:51:50.248392" level="INFO">POST Request : url=http://127.0.0.1:5000/api/v1/restaurants/6/dishes 
 path_url=/api/v1/restaurants/6/dishes 
 headers={'User-Agent': 'python-requests/2.32.5', 'Accept-Encoding': 'gzip, deflate', 'Accept': '*/*', 'Connection': 'keep-alive', 'Content-Length': '37', 'Content-Type': 'application/json'} 
 body=b'{"name": "RobotDish", "price": "200"}' 
 </msg>
<msg time="2026-02-16T10:51:50.248392" level="INFO">POST Response : url=http://127.0.0.1:5000/api/v1/restaurants/6/dishes 
 status=201, reason=CREATED 
 headers={'Server': 'Werkzeug/3.1.5 Python/3.10.5', 'Date': 'Mon, 16 Feb 2026 05:21:50 GMT', 'Content-Type': 'application/json', 'Content-Length': '77', 'Connection': 'close'} 
 body={
  "id": 4,
  "name": "RobotDish",
  "price": "200",
  "restaurant_id": 6
}
 
 </msg>
<msg time="2026-02-16T10:51:50.248392" level="INFO">${dish} = &lt;Response [201]&gt;</msg>
<var>${dish}</var>
<arg>foodie</arg>
<arg>/api/v1/restaurants/${rid}/dishes</arg>
<arg>json=${dish_body}</arg>
<arg>expected_status=anything</arg>
<doc>Sends a POST request on a previously created HTTP Session.</doc>
<status status="PASS" start="2026-02-16T10:51:50.244439" elapsed="0.003953"/>
</kw>
<kw name="Set Variable" owner="BuiltIn">
<msg time="2026-02-16T10:51:50.249401" level="INFO">${did} = 4</msg>
<var>${did}</var>
<arg>${dish.json()}[id]</arg>
<doc>Returns the given values which can then be assigned to a variables.</doc>
<status status="PASS" start="2026-02-16T10:51:50.248898" elapsed="0.000503"/>
</kw>
<kw name="Create Dictionary" owner="BuiltIn">
<msg time="2026-02-16T10:51:50.250124" level="INFO">${order_body} = {'user_id': 3, 'restaurant_id': 6, 'dishes': 4}</msg>
<var>${order_body}</var>
<arg>user_id=${uid}</arg>
<arg>restaurant_id=${rid}</arg>
<arg>dishes=${did}</arg>
<doc>Creates and returns a dictionary based on the given ``items``.</doc>
<status status="PASS" start="2026-02-16T10:51:50.250124" elapsed="0.000000"/>
</kw>
<kw name="POST On Session" owner="RequestsLibrary">
<msg time="2026-02-16T10:51:50.254313" level="INFO">POST Request : url=http://127.0.0.1:5000/api/v1/orders 
 path_url=/api/v1/orders 
 headers={'User-Agent': 'python-requests/2.32.5', 'Accept-Encoding': 'gzip, deflate', 'Accept': '*/*', 'Connection': 'keep-alive', 'Content-Length': '47', 'Content-Type': 'application/json'} 
 body=b'{"user_id": 3, "restaurant_id": 6, "dishes": 4}' 
 </msg>
<msg time="2026-02-16T10:51:50.254313" level="INFO">POST Response : url=http://127.0.0.1:5000/api/v1/orders 
 status=201, reason=CREATED 
 headers={'Server': 'Werkzeug/3.1.5 Python/3.10.5', 'Date': 'Mon, 16 Feb 2026 05:21:50 GMT', 'Content-Type': 'application/json', 'Content-Length': '67', 'Connection': 'close'} 
 body={
  "dishes": 4,
  "id": 3,
  "restaurant_id": 6,
  "user_id": 3
}
 
 </msg>
<msg time="2026-02-16T10:51:50.254313" level="INFO">${order} = &lt;Response [201]&gt;</msg>
<var>${order}</var>
<arg>foodie</arg>
<arg>/api/v1/orders</arg>
<arg>json=${order_body}</arg>
<arg>expected_status=anything</arg>
<doc>Sends a POST request on a previously created HTTP Session.</doc>
<status status="PASS" start="2026-02-16T10:51:50.251116" elapsed="0.003197"/>
</kw>
<kw name="Status Should Be" owner="RequestsLibrary">
<arg>201</arg>
<arg>${order}</arg>
<doc>Fails if response status code is different than the expected.</doc>
<status status="PASS" start="2026-02-16T10:51:50.254313" elapsed="0.000994"/>
</kw>
<kw name="Set Variable" owner="BuiltIn">
<msg time="2026-02-16T10:51:50.256260" level="INFO">${oid} = 3</msg>
<var>${oid}</var>
<arg>${order.json()}[id]</arg>
<doc>Returns the given values which can then be assigned to a variables.</doc>
<status status="PASS" start="2026-02-16T10:51:50.255307" elapsed="0.000953"/>
</kw>
<kw name="Create Dictionary" owner="BuiltIn">
<msg time="2026-02-16T10:51:50.258219" level="INFO">${rate_body} = {'order_id': 3, 'rating': '5', 'comment': 'Nice'}</msg>
<var>${rate_body}</var>
<arg>order_id=${oid}</arg>
<arg>rating=5</arg>
<arg>comment=Nice</arg>
<doc>Creates and returns a dictionary based on the given ``items``.</doc>
<status status="PASS" start="2026-02-16T10:51:50.257264" elapsed="0.000955"/>
</kw>
<kw name="POST On Session" owner="RequestsLibrary">
<msg time="2026-02-16T10:51:50.261261" level="INFO">POST Request : url=http://127.0.0.1:5000/api/v1/ratings 
 path_url=/api/v1/ratings 
 headers={'User-Agent': 'python-requests/2.32.5', 'Accept-Encoding': 'gzip, deflate', 'Accept': '*/*', 'Connection': 'keep-alive', 'Content-Length': '49', 'Content-Type': 'application/json'} 
 body=b'{"order_id": 3, "rating": "5", "comment": "Nice"}' 
 </msg>
<msg time="2026-02-16T10:51:50.261261" level="INFO">POST Response : url=http://127.0.0.1:5000/api/v1/ratings 
 status=201, reason=CREATED 
 headers={'Server': 'Werkzeug/3.1.5 Python/3.10.5', 'Date': 'Mon, 16 Feb 2026 05:21:50 GMT', 'Content-Type': 'application/json', 'Content-Length': '69', 'Connection': 'close'} 
 body={
  "comment": "Nice",
  "id": 2,
  "order_id": 3,
  "rating": "5"
}
 
 </msg>
<msg time="2026-02-16T10:51:50.261261" level="INFO">${rate} = &lt;Response [201]&gt;</msg>
<var>${rate}</var>
<arg>foodie</arg>
<arg>/api/v1/ratings</arg>
<arg>json=${rate_body}</arg>
<arg>expected_status=anything</arg>
<doc>Sends a POST request on a previously created HTTP Session.</doc>
<status status="PASS" start="2026-02-16T10:51:50.258219" elapsed="0.003042"/>
</kw>
<kw name="Status Should Be" owner="RequestsLibrary">
<arg>201</arg>
<arg>${rate}</arg>
<doc>Fails if response status code is different than the expected.</doc>
<status status="PASS" start="2026-02-16T10:51:50.262362" elapsed="0.000000"/>
</kw>
<status status="PASS" start="2026-02-16T10:51:50.220380" elapsed="0.042946"/>
</test>
<status status="PASS" start="2026-02-16T10:51:50.216358" elapsed="0.048009"/>
</suite>
<status status="PASS" start="2026-02-16T10:51:49.891111" elapsed="0.373256"/>
</suite>
<statistics>
<total>
<stat pass="7" fail="0" skip="0">All Tests</stat>
</total>
<tag>
</tag>
<suite>
<stat name="Robot" id="s1" pass="7" fail="0" skip="0">Robot</stat>
<stat name="Admin" id="s1-s1" pass="1" fail="0" skip="0">Robot.Admin</stat>
<stat name="Dish" id="s1-s2" pass="1" fail="0" skip="0">Robot.Dish</stat>
<stat name="Foodie App" id="s1-s3" pass="1" fail="0" skip="0">Robot.Foodie App</stat>
<stat name="Order" id="s1-s4" pass="1" fail="0" skip="0">Robot.Order</stat>
<stat name="Restaurant" id="s1-s5" pass="2" fail="0" skip="0">Robot.Restaurant</stat>
<stat name="User" id="s1-s6" pass="1" fail="0" skip="0">Robot.User</stat>
</suite>
</statistics>
<errors>
</errors>
</robot>
